CRITICAL - 2020-09-29 00:05:11 --> Invalid file: email/lupa_password.php
#0 C:\Users\Ahmad Qomaini\Desktop\kas\vendor\codeigniter4\framework\system\View\View.php(228): CodeIgniter\Exceptions\FrameworkException::forInvalidFile('email/lupa_pass...')
#1 C:\Users\Ahmad Qomaini\Desktop\kas\vendor\codeigniter4\framework\system\Common.php(1119): CodeIgniter\View\View->render('email/lupa_pass...', Array, true)
#2 C:\Users\Ahmad Qomaini\Desktop\kas\app\Controllers\Auth.php(88): view('email/lupa_pass...', Array)
#3 C:\Users\Ahmad Qomaini\Desktop\kas\vendor\codeigniter4\framework\system\CodeIgniter.php(918): App\Controllers\Auth->lupa_password()
#4 C:\Users\Ahmad Qomaini\Desktop\kas\vendor\codeigniter4\framework\system\CodeIgniter.php(404): CodeIgniter\CodeIgniter->runController(Object(App\Controllers\Auth))
#5 C:\Users\Ahmad Qomaini\Desktop\kas\vendor\codeigniter4\framework\system\CodeIgniter.php(312): CodeIgniter\CodeIgniter->handleRequest(NULL, Object(Config\Cache), false)
#6 C:\Users\Ahmad Qomaini\Desktop\kas\index.php(44): CodeIgniter\CodeIgniter->run()
#7 C:\Users\Ahmad Qomaini\Desktop\kas\vendor\codeigniter4\framework\system\Commands\Server\rewrite.php(34): require_once('C:\\Users\\Ahmad ...')
#8 {main}
CRITICAL - 2020-09-29 00:23:33 --> Undefined variable: token
#0 C:\Users\Ahmad Qomaini\Desktop\kas\app\Controllers\Auth.php(87): CodeIgniter\Debug\Exceptions->errorHandler(8, 'Undefined varia...', 'C:\\Users\\Ahmad ...', 87, Array)
#1 C:\Users\Ahmad Qomaini\Desktop\kas\vendor\codeigniter4\framework\system\CodeIgniter.php(918): App\Controllers\Auth->reset_password()
#2 C:\Users\Ahmad Qomaini\Desktop\kas\vendor\codeigniter4\framework\system\CodeIgniter.php(404): CodeIgniter\CodeIgniter->runController(Object(App\Controllers\Auth))
#3 C:\Users\Ahmad Qomaini\Desktop\kas\vendor\codeigniter4\framework\system\CodeIgniter.php(312): CodeIgniter\CodeIgniter->handleRequest(NULL, Object(Config\Cache), false)
#4 C:\Users\Ahmad Qomaini\Desktop\kas\index.php(44): CodeIgniter\CodeIgniter->run()
#5 C:\Users\Ahmad Qomaini\Desktop\kas\vendor\codeigniter4\framework\system\Commands\Server\rewrite.php(34): require_once('C:\\Users\\Ahmad ...')
#6 {main}
CRITICAL - 2020-09-29 01:05:31 --> Undefined variable: db
#0 C:\Users\Ahmad Qomaini\Desktop\kas\app\Views\auth\header.php(28): CodeIgniter\Debug\Exceptions->errorHandler(8, 'Undefined varia...', 'C:\\Users\\Ahmad ...', 28, Array)
#1 C:\Users\Ahmad Qomaini\Desktop\kas\vendor\codeigniter4\framework\system\View\View.php(246): include('C:\\Users\\Ahmad ...')
#2 C:\Users\Ahmad Qomaini\Desktop\kas\vendor\codeigniter4\framework\system\View\View.php(525): CodeIgniter\View\View->render('auth/header', NULL, true)
#3 C:\Users\Ahmad Qomaini\Desktop\kas\app\Views\auth\v_reset_password.php(1): CodeIgniter\View\View->include('auth/header')
#4 C:\Users\Ahmad Qomaini\Desktop\kas\vendor\codeigniter4\framework\system\View\View.php(246): include('C:\\Users\\Ahmad ...')
#5 C:\Users\Ahmad Qomaini\Desktop\kas\vendor\codeigniter4\framework\system\Common.php(1119): CodeIgniter\View\View->render('auth/v_reset_pa...', Array, true)
#6 C:\Users\Ahmad Qomaini\Desktop\kas\app\Controllers\Auth.php(94): view('auth/v_reset_pa...')
#7 C:\Users\Ahmad Qomaini\Desktop\kas\vendor\codeigniter4\framework\system\CodeIgniter.php(918): App\Controllers\Auth->reset_password()
#8 C:\Users\Ahmad Qomaini\Desktop\kas\vendor\codeigniter4\framework\system\CodeIgniter.php(404): CodeIgniter\CodeIgniter->runController(Object(App\Controllers\Auth))
#9 C:\Users\Ahmad Qomaini\Desktop\kas\vendor\codeigniter4\framework\system\CodeIgniter.php(312): CodeIgniter\CodeIgniter->handleRequest(NULL, Object(Config\Cache), false)
#10 C:\Users\Ahmad Qomaini\Desktop\kas\index.php(44): CodeIgniter\CodeIgniter->run()
#11 C:\Users\Ahmad Qomaini\Desktop\kas\vendor\codeigniter4\framework\system\Commands\Server\rewrite.php(34): require_once('C:\\Users\\Ahmad ...')
#12 {main}
CRITICAL - 2020-09-29 02:49:36 --> The action you requested is not allowed.
#0 C:\Users\Ahmad Qomaini\Desktop\kas\vendor\codeigniter4\framework\system\Security\Security.php(233): CodeIgniter\Security\Exceptions\SecurityException::forDisallowedAction()
#1 C:\Users\Ahmad Qomaini\Desktop\kas\vendor\codeigniter4\framework\system\Filters\CSRF.php(88): CodeIgniter\Security\Security->CSRFVerify(Object(CodeIgniter\HTTP\IncomingRequest))
#2 C:\Users\Ahmad Qomaini\Desktop\kas\vendor\codeigniter4\framework\system\Filters\Filters.php(173): CodeIgniter\Filters\CSRF->before(Object(CodeIgniter\HTTP\IncomingRequest), NULL)
#3 C:\Users\Ahmad Qomaini\Desktop\kas\vendor\codeigniter4\framework\system\CodeIgniter.php(382): CodeIgniter\Filters\Filters->run('auth/reset_pass...', 'before')
#4 C:\Users\Ahmad Qomaini\Desktop\kas\vendor\codeigniter4\framework\system\CodeIgniter.php(312): CodeIgniter\CodeIgniter->handleRequest(NULL, Object(Config\Cache), false)
#5 C:\Users\Ahmad Qomaini\Desktop\kas\index.php(44): CodeIgniter\CodeIgniter->run()
#6 C:\Users\Ahmad Qomaini\Desktop\kas\vendor\codeigniter4\framework\system\Commands\Server\rewrite.php(34): require_once('C:\\Users\\Ahmad ...')
#7 {main}
CRITICAL - 2020-09-29 02:50:38 --> The action you requested is not allowed.
#0 C:\Users\Ahmad Qomaini\Desktop\kas\vendor\codeigniter4\framework\system\Security\Security.php(233): CodeIgniter\Security\Exceptions\SecurityException::forDisallowedAction()
#1 C:\Users\Ahmad Qomaini\Desktop\kas\vendor\codeigniter4\framework\system\Filters\CSRF.php(88): CodeIgniter\Security\Security->CSRFVerify(Object(CodeIgniter\HTTP\IncomingRequest))
#2 C:\Users\Ahmad Qomaini\Desktop\kas\vendor\codeigniter4\framework\system\Filters\Filters.php(173): CodeIgniter\Filters\CSRF->before(Object(CodeIgniter\HTTP\IncomingRequest), NULL)
#3 C:\Users\Ahmad Qomaini\Desktop\kas\vendor\codeigniter4\framework\system\CodeIgniter.php(382): CodeIgniter\Filters\Filters->run('auth/reset_pass...', 'before')
#4 C:\Users\Ahmad Qomaini\Desktop\kas\vendor\codeigniter4\framework\system\CodeIgniter.php(312): CodeIgniter\CodeIgniter->handleRequest(NULL, Object(Config\Cache), false)
#5 C:\Users\Ahmad Qomaini\Desktop\kas\index.php(44): CodeIgniter\CodeIgniter->run()
#6 C:\Users\Ahmad Qomaini\Desktop\kas\vendor\codeigniter4\framework\system\Commands\Server\rewrite.php(34): require_once('C:\\Users\\Ahmad ...')
#7 {main}
CRITICAL - 2020-09-29 02:54:40 --> The action you requested is not allowed.
#0 C:\Users\Ahmad Qomaini\Desktop\kas\vendor\codeigniter4\framework\system\Security\Security.php(233): CodeIgniter\Security\Exceptions\SecurityException::forDisallowedAction()
#1 C:\Users\Ahmad Qomaini\Desktop\kas\vendor\codeigniter4\framework\system\Filters\CSRF.php(88): CodeIgniter\Security\Security->CSRFVerify(Object(CodeIgniter\HTTP\IncomingRequest))
#2 C:\Users\Ahmad Qomaini\Desktop\kas\vendor\codeigniter4\framework\system\Filters\Filters.php(173): CodeIgniter\Filters\CSRF->before(Object(CodeIgniter\HTTP\IncomingRequest), NULL)
#3 C:\Users\Ahmad Qomaini\Desktop\kas\vendor\codeigniter4\framework\system\CodeIgniter.php(382): CodeIgniter\Filters\Filters->run('auth/reset_pass...', 'before')
#4 C:\Users\Ahmad Qomaini\Desktop\kas\vendor\codeigniter4\framework\system\CodeIgniter.php(312): CodeIgniter\CodeIgniter->handleRequest(NULL, Object(Config\Cache), false)
#5 C:\Users\Ahmad Qomaini\Desktop\kas\index.php(44): CodeIgniter\CodeIgniter->run()
#6 C:\Users\Ahmad Qomaini\Desktop\kas\vendor\codeigniter4\framework\system\Commands\Server\rewrite.php(34): require_once('C:\\Users\\Ahmad ...')
#7 {main}
CRITICAL - 2020-09-29 02:54:46 --> The action you requested is not allowed.
#0 C:\Users\Ahmad Qomaini\Desktop\kas\vendor\codeigniter4\framework\system\Security\Security.php(233): CodeIgniter\Security\Exceptions\SecurityException::forDisallowedAction()
#1 C:\Users\Ahmad Qomaini\Desktop\kas\vendor\codeigniter4\framework\system\Filters\CSRF.php(88): CodeIgniter\Security\Security->CSRFVerify(Object(CodeIgniter\HTTP\IncomingRequest))
#2 C:\Users\Ahmad Qomaini\Desktop\kas\vendor\codeigniter4\framework\system\Filters\Filters.php(173): CodeIgniter\Filters\CSRF->before(Object(CodeIgniter\HTTP\IncomingRequest), NULL)
#3 C:\Users\Ahmad Qomaini\Desktop\kas\vendor\codeigniter4\framework\system\CodeIgniter.php(382): CodeIgniter\Filters\Filters->run('auth/reset_pass...', 'before')
#4 C:\Users\Ahmad Qomaini\Desktop\kas\vendor\codeigniter4\framework\system\CodeIgniter.php(312): CodeIgniter\CodeIgniter->handleRequest(NULL, Object(Config\Cache), false)
#5 C:\Users\Ahmad Qomaini\Desktop\kas\index.php(44): CodeIgniter\CodeIgniter->run()
#6 C:\Users\Ahmad Qomaini\Desktop\kas\vendor\codeigniter4\framework\system\Commands\Server\rewrite.php(34): require_once('C:\\Users\\Ahmad ...')
#7 {main}
CRITICAL - 2020-09-29 02:54:49 --> The action you requested is not allowed.
#0 C:\Users\Ahmad Qomaini\Desktop\kas\vendor\codeigniter4\framework\system\Security\Security.php(233): CodeIgniter\Security\Exceptions\SecurityException::forDisallowedAction()
#1 C:\Users\Ahmad Qomaini\Desktop\kas\vendor\codeigniter4\framework\system\Filters\CSRF.php(88): CodeIgniter\Security\Security->CSRFVerify(Object(CodeIgniter\HTTP\IncomingRequest))
#2 C:\Users\Ahmad Qomaini\Desktop\kas\vendor\codeigniter4\framework\system\Filters\Filters.php(173): CodeIgniter\Filters\CSRF->before(Object(CodeIgniter\HTTP\IncomingRequest), NULL)
#3 C:\Users\Ahmad Qomaini\Desktop\kas\vendor\codeigniter4\framework\system\CodeIgniter.php(382): CodeIgniter\Filters\Filters->run('auth/reset_pass...', 'before')
#4 C:\Users\Ahmad Qomaini\Desktop\kas\vendor\codeigniter4\framework\system\CodeIgniter.php(312): CodeIgniter\CodeIgniter->handleRequest(NULL, Object(Config\Cache), false)
#5 C:\Users\Ahmad Qomaini\Desktop\kas\index.php(44): CodeIgniter\CodeIgniter->run()
#6 C:\Users\Ahmad Qomaini\Desktop\kas\vendor\codeigniter4\framework\system\Commands\Server\rewrite.php(34): require_once('C:\\Users\\Ahmad ...')
#7 {main}
CRITICAL - 2020-09-29 03:08:39 --> The action you requested is not allowed.
#0 C:\Users\Ahmad Qomaini\Desktop\kas\vendor\codeigniter4\framework\system\Security\Security.php(233): CodeIgniter\Security\Exceptions\SecurityException::forDisallowedAction()
#1 C:\Users\Ahmad Qomaini\Desktop\kas\vendor\codeigniter4\framework\system\Filters\CSRF.php(88): CodeIgniter\Security\Security->CSRFVerify(Object(CodeIgniter\HTTP\IncomingRequest))
#2 C:\Users\Ahmad Qomaini\Desktop\kas\vendor\codeigniter4\framework\system\Filters\Filters.php(173): CodeIgniter\Filters\CSRF->before(Object(CodeIgniter\HTTP\IncomingRequest), NULL)
#3 C:\Users\Ahmad Qomaini\Desktop\kas\vendor\codeigniter4\framework\system\CodeIgniter.php(382): CodeIgniter\Filters\Filters->run('auth/reset_pass...', 'before')
#4 C:\Users\Ahmad Qomaini\Desktop\kas\vendor\codeigniter4\framework\system\CodeIgniter.php(312): CodeIgniter\CodeIgniter->handleRequest(NULL, Object(Config\Cache), false)
#5 C:\Users\Ahmad Qomaini\Desktop\kas\index.php(44): CodeIgniter\CodeIgniter->run()
#6 C:\Users\Ahmad Qomaini\Desktop\kas\vendor\codeigniter4\framework\system\Commands\Server\rewrite.php(34): require_once('C:\\Users\\Ahmad ...')
#7 {main}
CRITICAL - 2020-09-29 03:51:39 --> Function name must be a string
#0 C:\Users\Ahmad Qomaini\Desktop\kas\vendor\codeigniter4\framework\system\CodeIgniter.php(918): App\Controllers\Auth->reset_password()
#1 C:\Users\Ahmad Qomaini\Desktop\kas\vendor\codeigniter4\framework\system\CodeIgniter.php(404): CodeIgniter\CodeIgniter->runController(Object(App\Controllers\Auth))
#2 C:\Users\Ahmad Qomaini\Desktop\kas\vendor\codeigniter4\framework\system\CodeIgniter.php(312): CodeIgniter\CodeIgniter->handleRequest(NULL, Object(Config\Cache), false)
#3 C:\Users\Ahmad Qomaini\Desktop\kas\index.php(44): CodeIgniter\CodeIgniter->run()
#4 C:\Users\Ahmad Qomaini\Desktop\kas\vendor\codeigniter4\framework\system\Commands\Server\rewrite.php(34): require_once('C:\\Users\\Ahmad ...')
#5 {main}
CRITICAL - 2020-09-29 03:51:58 --> Undefined index: email
#0 C:\Users\Ahmad Qomaini\Desktop\kas\app\Controllers\Auth.php(99): CodeIgniter\Debug\Exceptions->errorHandler(8, 'Undefined index...', 'C:\\Users\\Ahmad ...', 99, Array)
#1 C:\Users\Ahmad Qomaini\Desktop\kas\vendor\codeigniter4\framework\system\CodeIgniter.php(918): App\Controllers\Auth->reset_password()
#2 C:\Users\Ahmad Qomaini\Desktop\kas\vendor\codeigniter4\framework\system\CodeIgniter.php(404): CodeIgniter\CodeIgniter->runController(Object(App\Controllers\Auth))
#3 C:\Users\Ahmad Qomaini\Desktop\kas\vendor\codeigniter4\framework\system\CodeIgniter.php(312): CodeIgniter\CodeIgniter->handleRequest(NULL, Object(Config\Cache), false)
#4 C:\Users\Ahmad Qomaini\Desktop\kas\index.php(44): CodeIgniter\CodeIgniter->run()
#5 C:\Users\Ahmad Qomaini\Desktop\kas\vendor\codeigniter4\framework\system\Commands\Server\rewrite.php(34): require_once('C:\\Users\\Ahmad ...')
#6 {main}
CRITICAL - 2020-09-29 04:18:09 --> Decrypting: authentication failed.
#0 C:\Users\Ahmad Qomaini\Desktop\kas\vendor\codeigniter4\framework\system\Encryption\Handlers\OpenSSLHandler.php(159): CodeIgniter\Encryption\Exceptions\EncryptionException::forAuthenticationFailed()
#1 C:\Users\Ahmad Qomaini\Desktop\kas\app\Controllers\Auth.php(104): CodeIgniter\Encryption\Handlers\OpenSSLHandler->decrypt('mPplRX3pX1ROpUh...')
#2 C:\Users\Ahmad Qomaini\Desktop\kas\vendor\codeigniter4\framework\system\CodeIgniter.php(918): App\Controllers\Auth->reset_password()
#3 C:\Users\Ahmad Qomaini\Desktop\kas\vendor\codeigniter4\framework\system\CodeIgniter.php(404): CodeIgniter\CodeIgniter->runController(Object(App\Controllers\Auth))
#4 C:\Users\Ahmad Qomaini\Desktop\kas\vendor\codeigniter4\framework\system\CodeIgniter.php(312): CodeIgniter\CodeIgniter->handleRequest(NULL, Object(Config\Cache), false)
#5 C:\Users\Ahmad Qomaini\Desktop\kas\index.php(44): CodeIgniter\CodeIgniter->run()
#6 C:\Users\Ahmad Qomaini\Desktop\kas\vendor\codeigniter4\framework\system\Commands\Server\rewrite.php(34): require_once('C:\\Users\\Ahmad ...')
#7 {main}
CRITICAL - 2020-09-29 04:18:44 --> Decrypting: authentication failed.
#0 C:\Users\Ahmad Qomaini\Desktop\kas\vendor\codeigniter4\framework\system\Encryption\Handlers\OpenSSLHandler.php(159): CodeIgniter\Encryption\Exceptions\EncryptionException::forAuthenticationFailed()
#1 C:\Users\Ahmad Qomaini\Desktop\kas\app\Controllers\Auth.php(104): CodeIgniter\Encryption\Handlers\OpenSSLHandler->decrypt('\xA4\xA5]\xC6F\xA0\xF4\xDA\xB9K\xF2bvT\xEB...')
#2 C:\Users\Ahmad Qomaini\Desktop\kas\vendor\codeigniter4\framework\system\CodeIgniter.php(918): App\Controllers\Auth->reset_password()
#3 C:\Users\Ahmad Qomaini\Desktop\kas\vendor\codeigniter4\framework\system\CodeIgniter.php(404): CodeIgniter\CodeIgniter->runController(Object(App\Controllers\Auth))
#4 C:\Users\Ahmad Qomaini\Desktop\kas\vendor\codeigniter4\framework\system\CodeIgniter.php(312): CodeIgniter\CodeIgniter->handleRequest(NULL, Object(Config\Cache), false)
#5 C:\Users\Ahmad Qomaini\Desktop\kas\index.php(44): CodeIgniter\CodeIgniter->run()
#6 C:\Users\Ahmad Qomaini\Desktop\kas\vendor\codeigniter4\framework\system\Commands\Server\rewrite.php(34): require_once('C:\\Users\\Ahmad ...')
#7 {main}
CRITICAL - 2020-09-29 04:18:44 --> Uncaught CodeIgniter\Format\Exceptions\FormatException: Failed to parse json string, error: "Malformed UTF-8 characters, possibly incorrectly encoded". in C:\Users\Ahmad Qomaini\Desktop\kas\vendor\codeigniter4\framework\system\Format\Exceptions\FormatException.php:9
Stack trace:
#0 C:\Users\Ahmad Qomaini\Desktop\kas\vendor\codeigniter4\framework\system\Format\JSONFormatter.php(71): CodeIgniter\Format\Exceptions\FormatException::forInvalidJSON('Malformed UTF-8...')
#1 C:\Users\Ahmad Qomaini\Desktop\kas\vendor\codeigniter4\framework\system\API\ResponseTrait.php(414): CodeIgniter\Format\JSONFormatter->format(Array)
#2 C:\Users\Ahmad Qomaini\Desktop\kas\vendor\codeigniter4\framework\system\API\ResponseTrait.php(134): CodeIgniter\Debug\Exceptions->format(Array)
#3 C:\Users\Ahmad Qomaini\Desktop\kas\vendor\codeigniter4\framework\system\Debug\Exceptions.php(168): CodeIgniter\Debug\Exceptions->respond(Array, 500)
#4 [internal function]: CodeIgniter\Debug\Exceptions->exceptionHandler(Object(CodeIgniter\Encryption\Exce
#0 [internal function]: CodeIgniter\Debug\Exceptions->shutdownHandler()
#1 {main}
CRITICAL - 2020-09-29 04:19:18 --> Decrypting: authentication failed.
#0 C:\Users\Ahmad Qomaini\Desktop\kas\vendor\codeigniter4\framework\system\Encryption\Handlers\OpenSSLHandler.php(159): CodeIgniter\Encryption\Exceptions\EncryptionException::forAuthenticationFailed()
#1 C:\Users\Ahmad Qomaini\Desktop\kas\app\Controllers\Auth.php(104): CodeIgniter\Encryption\Handlers\OpenSSLHandler->decrypt('dnFIaUZWRFNlVXF...')
#2 C:\Users\Ahmad Qomaini\Desktop\kas\vendor\codeigniter4\framework\system\CodeIgniter.php(918): App\Controllers\Auth->reset_password()
#3 C:\Users\Ahmad Qomaini\Desktop\kas\vendor\codeigniter4\framework\system\CodeIgniter.php(404): CodeIgniter\CodeIgniter->runController(Object(App\Controllers\Auth))
#4 C:\Users\Ahmad Qomaini\Desktop\kas\vendor\codeigniter4\framework\system\CodeIgniter.php(312): CodeIgniter\CodeIgniter->handleRequest(NULL, Object(Config\Cache), false)
#5 C:\Users\Ahmad Qomaini\Desktop\kas\index.php(44): CodeIgniter\CodeIgniter->run()
#6 C:\Users\Ahmad Qomaini\Desktop\kas\vendor\codeigniter4\framework\system\Commands\Server\rewrite.php(34): require_once('C:\\Users\\Ahmad ...')
#7 {main}
CRITICAL - 2020-09-29 04:19:41 --> Decrypting: authentication failed.
#0 C:\Users\Ahmad Qomaini\Desktop\kas\vendor\codeigniter4\framework\system\Encryption\Handlers\OpenSSLHandler.php(159): CodeIgniter\Encryption\Exceptions\EncryptionException::forAuthenticationFailed()
#1 C:\Users\Ahmad Qomaini\Desktop\kas\app\Controllers\Auth.php(104): CodeIgniter\Encryption\Handlers\OpenSSLHandler->decrypt('mPplRX3pX1ROpUh...')
#2 C:\Users\Ahmad Qomaini\Desktop\kas\vendor\codeigniter4\framework\system\CodeIgniter.php(918): App\Controllers\Auth->reset_password()
#3 C:\Users\Ahmad Qomaini\Desktop\kas\vendor\codeigniter4\framework\system\CodeIgniter.php(404): CodeIgniter\CodeIgniter->runController(Object(App\Controllers\Auth))
#4 C:\Users\Ahmad Qomaini\Desktop\kas\vendor\codeigniter4\framework\system\CodeIgniter.php(312): CodeIgniter\CodeIgniter->handleRequest(NULL, Object(Config\Cache), false)
#5 C:\Users\Ahmad Qomaini\Desktop\kas\index.php(44): CodeIgniter\CodeIgniter->run()
#6 C:\Users\Ahmad Qomaini\Desktop\kas\vendor\codeigniter4\framework\system\Commands\Server\rewrite.php(34): require_once('C:\\Users\\Ahmad ...')
#7 {main}
CRITICAL - 2020-09-29 04:20:04 --> Decrypting: authentication failed.
#0 C:\Users\Ahmad Qomaini\Desktop\kas\vendor\codeigniter4\framework\system\Encryption\Handlers\OpenSSLHandler.php(159): CodeIgniter\Encryption\Exceptions\EncryptionException::forAuthenticationFailed()
#1 C:\Users\Ahmad Qomaini\Desktop\kas\app\Controllers\Auth.php(104): CodeIgniter\Encryption\Handlers\OpenSSLHandler->decrypt('mPplRX3pX1ROpUh...')
#2 C:\Users\Ahmad Qomaini\Desktop\kas\vendor\codeigniter4\framework\system\CodeIgniter.php(918): App\Controllers\Auth->reset_password()
#3 C:\Users\Ahmad Qomaini\Desktop\kas\vendor\codeigniter4\framework\system\CodeIgniter.php(404): CodeIgniter\CodeIgniter->runController(Object(App\Controllers\Auth))
#4 C:\Users\Ahmad Qomaini\Desktop\kas\vendor\codeigniter4\framework\system\CodeIgniter.php(312): CodeIgniter\CodeIgniter->handleRequest(NULL, Object(Config\Cache), false)
#5 C:\Users\Ahmad Qomaini\Desktop\kas\index.php(44): CodeIgniter\CodeIgniter->run()
#6 C:\Users\Ahmad Qomaini\Desktop\kas\vendor\codeigniter4\framework\system\Commands\Server\rewrite.php(34): require_once('C:\\Users\\Ahmad ...')
#7 {main}
CRITICAL - 2020-09-29 04:22:23 --> Decrypting: authentication failed.
#0 C:\Users\Ahmad Qomaini\Desktop\kas\vendor\codeigniter4\framework\system\Encryption\Handlers\OpenSSLHandler.php(159): CodeIgniter\Encryption\Exceptions\EncryptionException::forAuthenticationFailed()
#1 C:\Users\Ahmad Qomaini\Desktop\kas\app\Controllers\Auth.php(122): CodeIgniter\Encryption\Handlers\OpenSSLHandler->decrypt('rWzMR0MQunBfRhy...')
#2 C:\Users\Ahmad Qomaini\Desktop\kas\vendor\codeigniter4\framework\system\CodeIgniter.php(918): App\Controllers\Auth->reset_password()
#3 C:\Users\Ahmad Qomaini\Desktop\kas\vendor\codeigniter4\framework\system\CodeIgniter.php(404): CodeIgniter\CodeIgniter->runController(Object(App\Controllers\Auth))
#4 C:\Users\Ahmad Qomaini\Desktop\kas\vendor\codeigniter4\framework\system\CodeIgniter.php(312): CodeIgniter\CodeIgniter->handleRequest(NULL, Object(Config\Cache), false)
#5 C:\Users\Ahmad Qomaini\Desktop\kas\index.php(44): CodeIgniter\CodeIgniter->run()
#6 C:\Users\Ahmad Qomaini\Desktop\kas\vendor\codeigniter4\framework\system\Commands\Server\rewrite.php(34): require_once('C:\\Users\\Ahmad ...')
#7 {main}
CRITICAL - 2020-09-29 04:23:32 --> Decrypting: authentication failed.
#0 C:\Users\Ahmad Qomaini\Desktop\kas\vendor\codeigniter4\framework\system\Encryption\Handlers\OpenSSLHandler.php(159): CodeIgniter\Encryption\Exceptions\EncryptionException::forAuthenticationFailed()
#1 C:\Users\Ahmad Qomaini\Desktop\kas\app\Controllers\Auth.php(122): CodeIgniter\Encryption\Handlers\OpenSSLHandler->decrypt('V'hQ\t\xF1@\x8E\xCF1m\xD8\x1E\x89\x9E...')
#2 C:\Users\Ahmad Qomaini\Desktop\kas\vendor\codeigniter4\framework\system\CodeIgniter.php(918): App\Controllers\Auth->reset_password()
#3 C:\Users\Ahmad Qomaini\Desktop\kas\vendor\codeigniter4\framework\system\CodeIgniter.php(404): CodeIgniter\CodeIgniter->runController(Object(App\Controllers\Auth))
#4 C:\Users\Ahmad Qomaini\Desktop\kas\vendor\codeigniter4\framework\system\CodeIgniter.php(312): CodeIgniter\CodeIgniter->handleRequest(NULL, Object(Config\Cache), false)
#5 C:\Users\Ahmad Qomaini\Desktop\kas\index.php(44): CodeIgniter\CodeIgniter->run()
#6 C:\Users\Ahmad Qomaini\Desktop\kas\vendor\codeigniter4\framework\system\Commands\Server\rewrite.php(34): require_once('C:\\Users\\Ahmad ...')
#7 {main}
CRITICAL - 2020-09-29 04:23:54 --> Decrypting: authentication failed.
#0 C:\Users\Ahmad Qomaini\Desktop\kas\vendor\codeigniter4\framework\system\Encryption\Handlers\OpenSSLHandler.php(159): CodeIgniter\Encryption\Exceptions\EncryptionException::forAuthenticationFailed()
#1 C:\Users\Ahmad Qomaini\Desktop\kas\app\Controllers\Auth.php(122): CodeIgniter\Encryption\Handlers\OpenSSLHandler->decrypt('\xD9g|\x07\x96\xA4xE\x964\x8D\xE0\xE6\xAEj...')
#2 C:\Users\Ahmad Qomaini\Desktop\kas\vendor\codeigniter4\framework\system\CodeIgniter.php(918): App\Controllers\Auth->reset_password()
#3 C:\Users\Ahmad Qomaini\Desktop\kas\vendor\codeigniter4\framework\system\CodeIgniter.php(404): CodeIgniter\CodeIgniter->runController(Object(App\Controllers\Auth))
#4 C:\Users\Ahmad Qomaini\Desktop\kas\vendor\codeigniter4\framework\system\CodeIgniter.php(312): CodeIgniter\CodeIgniter->handleRequest(NULL, Object(Config\Cache), false)
#5 C:\Users\Ahmad Qomaini\Desktop\kas\index.php(44): CodeIgniter\CodeIgniter->run()
#6 C:\Users\Ahmad Qomaini\Desktop\kas\vendor\codeigniter4\framework\system\Commands\Server\rewrite.php(34): require_once('C:\\Users\\Ahmad ...')
#7 {main}
CRITICAL - 2020-09-29 04:23:56 --> Decrypting: authentication failed.
#0 C:\Users\Ahmad Qomaini\Desktop\kas\vendor\codeigniter4\framework\system\Encryption\Handlers\OpenSSLHandler.php(159): CodeIgniter\Encryption\Exceptions\EncryptionException::forAuthenticationFailed()
#1 C:\Users\Ahmad Qomaini\Desktop\kas\app\Controllers\Auth.php(122): CodeIgniter\Encryption\Handlers\OpenSSLHandler->decrypt('ai\f9`\xD8\x10\x93]=\x93[\xA1 \xD0...')
#2 C:\Users\Ahmad Qomaini\Desktop\kas\vendor\codeigniter4\framework\system\CodeIgniter.php(918): App\Controllers\Auth->reset_password()
#3 C:\Users\Ahmad Qomaini\Desktop\kas\vendor\codeigniter4\framework\system\CodeIgniter.php(404): CodeIgniter\CodeIgniter->runController(Object(App\Controllers\Auth))
#4 C:\Users\Ahmad Qomaini\Desktop\kas\vendor\codeigniter4\framework\system\CodeIgniter.php(312): CodeIgniter\CodeIgniter->handleRequest(NULL, Object(Config\Cache), false)
#5 C:\Users\Ahmad Qomaini\Desktop\kas\index.php(44): CodeIgniter\CodeIgniter->run()
#6 C:\Users\Ahmad Qomaini\Desktop\kas\vendor\codeigniter4\framework\system\Commands\Server\rewrite.php(34): require_once('C:\\Users\\Ahmad ...')
#7 {main}
CRITICAL - 2020-09-29 22:28:39 --> Duplicate entry '082174416077' for key 'no_hp'
#0 C:\Users\Ahmad Qomaini\Desktop\kas\vendor\codeigniter4\framework\system\Database\MySQLi\Connection.php(331): mysqli->query('UPDATE `penggun...')
#1 C:\Users\Ahmad Qomaini\Desktop\kas\vendor\codeigniter4\framework\system\Database\BaseConnection.php(741): CodeIgniter\Database\MySQLi\Connection->execute('UPDATE `penggun...')
#2 C:\Users\Ahmad Qomaini\Desktop\kas\vendor\codeigniter4\framework\system\Database\BaseConnection.php(669): CodeIgniter\Database\BaseConnection->simpleQuery('UPDATE `penggun...')
#3 C:\Users\Ahmad Qomaini\Desktop\kas\vendor\codeigniter4\framework\system\Database\BaseBuilder.php(2456): CodeIgniter\Database\BaseConnection->query('UPDATE `penggun...', Array, false)
#4 C:\Users\Ahmad Qomaini\Desktop\kas\vendor\codeigniter4\framework\system\Model.php(889): CodeIgniter\Database\BaseBuilder->update()
#5 C:\Users\Ahmad Qomaini\Desktop\kas\vendor\codeigniter4\framework\system\Model.php(570): CodeIgniter\Model->update(Array, Array)
#6 C:\Users\Ahmad Qomaini\Desktop\kas\app\Controllers\Profile.php(54): CodeIgniter\Model->save(Array)
#7 C:\Users\Ahmad Qomaini\Desktop\kas\vendor\codeigniter4\framework\system\CodeIgniter.php(918): App\Controllers\Profile->update()
#8 C:\Users\Ahmad Qomaini\Desktop\kas\vendor\codeigniter4\framework\system\CodeIgniter.php(404): CodeIgniter\CodeIgniter->runController(Object(App\Controllers\Profile))
#9 C:\Users\Ahmad Qomaini\Desktop\kas\vendor\codeigniter4\framework\system\CodeIgniter.php(312): CodeIgniter\CodeIgniter->handleRequest(NULL, Object(Config\Cache), false)
#10 C:\Users\Ahmad Qomaini\Desktop\kas\index.php(44): CodeIgniter\CodeIgniter->run()
#11 C:\Users\Ahmad Qomaini\Desktop\kas\vendor\codeigniter4\framework\system\Commands\Server\rewrite.php(34): require_once('C:\\Users\\Ahmad ...')
#12 {main}
CRITICAL - 2020-09-29 22:31:59 --> Duplicate entry '082174416077' for key 'no_hp'
#0 C:\Users\Ahmad Qomaini\Desktop\kas\vendor\codeigniter4\framework\system\Database\MySQLi\Connection.php(331): mysqli->query('UPDATE `penggun...')
#1 C:\Users\Ahmad Qomaini\Desktop\kas\vendor\codeigniter4\framework\system\Database\BaseConnection.php(741): CodeIgniter\Database\MySQLi\Connection->execute('UPDATE `penggun...')
#2 C:\Users\Ahmad Qomaini\Desktop\kas\vendor\codeigniter4\framework\system\Database\BaseConnection.php(669): CodeIgniter\Database\BaseConnection->simpleQuery('UPDATE `penggun...')
#3 C:\Users\Ahmad Qomaini\Desktop\kas\vendor\codeigniter4\framework\system\Database\BaseBuilder.php(2456): CodeIgniter\Database\BaseConnection->query('UPDATE `penggun...', Array, false)
#4 C:\Users\Ahmad Qomaini\Desktop\kas\vendor\codeigniter4\framework\system\Model.php(889): CodeIgniter\Database\BaseBuilder->update()
#5 C:\Users\Ahmad Qomaini\Desktop\kas\vendor\codeigniter4\framework\system\Model.php(570): CodeIgniter\Model->update(Array, Array)
#6 C:\Users\Ahmad Qomaini\Desktop\kas\app\Controllers\Profile.php(54): CodeIgniter\Model->save(Array)
#7 C:\Users\Ahmad Qomaini\Desktop\kas\vendor\codeigniter4\framework\system\CodeIgniter.php(918): App\Controllers\Profile->update()
#8 C:\Users\Ahmad Qomaini\Desktop\kas\vendor\codeigniter4\framework\system\CodeIgniter.php(404): CodeIgniter\CodeIgniter->runController(Object(App\Controllers\Profile))
#9 C:\Users\Ahmad Qomaini\Desktop\kas\vendor\codeigniter4\framework\system\CodeIgniter.php(312): CodeIgniter\CodeIgniter->handleRequest(NULL, Object(Config\Cache), false)
#10 C:\Users\Ahmad Qomaini\Desktop\kas\index.php(44): CodeIgniter\CodeIgniter->run()
#11 C:\Users\Ahmad Qomaini\Desktop\kas\vendor\codeigniter4\framework\system\Commands\Server\rewrite.php(34): require_once('C:\\Users\\Ahmad ...')
#12 {main}
CRITICAL - 2020-09-29 22:32:23 --> Duplicate entry '082174416077' for key 'no_hp'
#0 C:\Users\Ahmad Qomaini\Desktop\kas\vendor\codeigniter4\framework\system\Database\MySQLi\Connection.php(331): mysqli->query('UPDATE `penggun...')
#1 C:\Users\Ahmad Qomaini\Desktop\kas\vendor\codeigniter4\framework\system\Database\BaseConnection.php(741): CodeIgniter\Database\MySQLi\Connection->execute('UPDATE `penggun...')
#2 C:\Users\Ahmad Qomaini\Desktop\kas\vendor\codeigniter4\framework\system\Database\BaseConnection.php(669): CodeIgniter\Database\BaseConnection->simpleQuery('UPDATE `penggun...')
#3 C:\Users\Ahmad Qomaini\Desktop\kas\vendor\codeigniter4\framework\system\Database\BaseBuilder.php(2456): CodeIgniter\Database\BaseConnection->query('UPDATE `penggun...', Array, false)
#4 C:\Users\Ahmad Qomaini\Desktop\kas\vendor\codeigniter4\framework\system\Model.php(889): CodeIgniter\Database\BaseBuilder->update()
#5 C:\Users\Ahmad Qomaini\Desktop\kas\vendor\codeigniter4\framework\system\Model.php(570): CodeIgniter\Model->update(Array, Array)
#6 C:\Users\Ahmad Qomaini\Desktop\kas\app\Controllers\Profile.php(54): CodeIgniter\Model->save(Array)
#7 C:\Users\Ahmad Qomaini\Desktop\kas\vendor\codeigniter4\framework\system\CodeIgniter.php(918): App\Controllers\Profile->update()
#8 C:\Users\Ahmad Qomaini\Desktop\kas\vendor\codeigniter4\framework\system\CodeIgniter.php(404): CodeIgniter\CodeIgniter->runController(Object(App\Controllers\Profile))
#9 C:\Users\Ahmad Qomaini\Desktop\kas\vendor\codeigniter4\framework\system\CodeIgniter.php(312): CodeIgniter\CodeIgniter->handleRequest(NULL, Object(Config\Cache), false)
#10 C:\Users\Ahmad Qomaini\Desktop\kas\index.php(44): CodeIgniter\CodeIgniter->run()
#11 C:\Users\Ahmad Qomaini\Desktop\kas\vendor\codeigniter4\framework\system\Commands\Server\rewrite.php(34): require_once('C:\\Users\\Ahmad ...')
#12 {main}
CRITICAL - 2020-09-29 22:32:28 --> The action you requested is not allowed.
#0 C:\Users\Ahmad Qomaini\Desktop\kas\vendor\codeigniter4\framework\system\Security\Security.php(233): CodeIgniter\Security\Exceptions\SecurityException::forDisallowedAction()
#1 C:\Users\Ahmad Qomaini\Desktop\kas\vendor\codeigniter4\framework\system\Filters\CSRF.php(88): CodeIgniter\Security\Security->CSRFVerify(Object(CodeIgniter\HTTP\IncomingRequest))
#2 C:\Users\Ahmad Qomaini\Desktop\kas\vendor\codeigniter4\framework\system\Filters\Filters.php(173): CodeIgniter\Filters\CSRF->before(Object(CodeIgniter\HTTP\IncomingRequest), NULL)
#3 C:\Users\Ahmad Qomaini\Desktop\kas\vendor\codeigniter4\framework\system\CodeIgniter.php(382): CodeIgniter\Filters\Filters->run('profile/update', 'before')
#4 C:\Users\Ahmad Qomaini\Desktop\kas\vendor\codeigniter4\framework\system\CodeIgniter.php(312): CodeIgniter\CodeIgniter->handleRequest(NULL, Object(Config\Cache), false)
#5 C:\Users\Ahmad Qomaini\Desktop\kas\index.php(44): CodeIgniter\CodeIgniter->run()
#6 C:\Users\Ahmad Qomaini\Desktop\kas\vendor\codeigniter4\framework\system\Commands\Server\rewrite.php(34): require_once('C:\\Users\\Ahmad ...')
#7 {main}
CRITICAL - 2020-09-29 22:33:27 --> The action you requested is not allowed.
#0 C:\Users\Ahmad Qomaini\Desktop\kas\vendor\codeigniter4\framework\system\Security\Security.php(233): CodeIgniter\Security\Exceptions\SecurityException::forDisallowedAction()
#1 C:\Users\Ahmad Qomaini\Desktop\kas\vendor\codeigniter4\framework\system\Filters\CSRF.php(88): CodeIgniter\Security\Security->CSRFVerify(Object(CodeIgniter\HTTP\IncomingRequest))
#2 C:\Users\Ahmad Qomaini\Desktop\kas\vendor\codeigniter4\framework\system\Filters\Filters.php(173): CodeIgniter\Filters\CSRF->before(Object(CodeIgniter\HTTP\IncomingRequest), NULL)
#3 C:\Users\Ahmad Qomaini\Desktop\kas\vendor\codeigniter4\framework\system\CodeIgniter.php(382): CodeIgniter\Filters\Filters->run('profile/update', 'before')
#4 C:\Users\Ahmad Qomaini\Desktop\kas\vendor\codeigniter4\framework\system\CodeIgniter.php(312): CodeIgniter\CodeIgniter->handleRequest(NULL, Object(Config\Cache), false)
#5 C:\Users\Ahmad Qomaini\Desktop\kas\index.php(44): CodeIgniter\CodeIgniter->run()
#6 C:\Users\Ahmad Qomaini\Desktop\kas\vendor\codeigniter4\framework\system\Commands\Server\rewrite.php(34): require_once('C:\\Users\\Ahmad ...')
#7 {main}
CRITICAL - 2020-09-29 22:34:08 --> Duplicate entry '082174416077' for key 'no_hp'
#0 C:\Users\Ahmad Qomaini\Desktop\kas\vendor\codeigniter4\framework\system\Database\MySQLi\Connection.php(331): mysqli->query('UPDATE `penggun...')
#1 C:\Users\Ahmad Qomaini\Desktop\kas\vendor\codeigniter4\framework\system\Database\BaseConnection.php(741): CodeIgniter\Database\MySQLi\Connection->execute('UPDATE `penggun...')
#2 C:\Users\Ahmad Qomaini\Desktop\kas\vendor\codeigniter4\framework\system\Database\BaseConnection.php(669): CodeIgniter\Database\BaseConnection->simpleQuery('UPDATE `penggun...')
#3 C:\Users\Ahmad Qomaini\Desktop\kas\vendor\codeigniter4\framework\system\Database\BaseBuilder.php(2456): CodeIgniter\Database\BaseConnection->query('UPDATE `penggun...', Array, false)
#4 C:\Users\Ahmad Qomaini\Desktop\kas\vendor\codeigniter4\framework\system\Model.php(889): CodeIgniter\Database\BaseBuilder->update()
#5 C:\Users\Ahmad Qomaini\Desktop\kas\vendor\codeigniter4\framework\system\Model.php(570): CodeIgniter\Model->update(Array, Array)
#6 C:\Users\Ahmad Qomaini\Desktop\kas\app\Controllers\Profile.php(54): CodeIgniter\Model->save(Array)
#7 C:\Users\Ahmad Qomaini\Desktop\kas\vendor\codeigniter4\framework\system\CodeIgniter.php(918): App\Controllers\Profile->update()
#8 C:\Users\Ahmad Qomaini\Desktop\kas\vendor\codeigniter4\framework\system\CodeIgniter.php(404): CodeIgniter\CodeIgniter->runController(Object(App\Controllers\Profile))
#9 C:\Users\Ahmad Qomaini\Desktop\kas\vendor\codeigniter4\framework\system\CodeIgniter.php(312): CodeIgniter\CodeIgniter->handleRequest(NULL, Object(Config\Cache), false)
#10 C:\Users\Ahmad Qomaini\Desktop\kas\index.php(44): CodeIgniter\CodeIgniter->run()
#11 C:\Users\Ahmad Qomaini\Desktop\kas\vendor\codeigniter4\framework\system\Commands\Server\rewrite.php(34): require_once('C:\\Users\\Ahmad ...')
#12 {main}
CRITICAL - 2020-09-29 22:34:39 --> Duplicate entry '082174416077' for key 'no_hp'
#0 C:\Users\Ahmad Qomaini\Desktop\kas\vendor\codeigniter4\framework\system\Database\MySQLi\Connection.php(331): mysqli->query('UPDATE `penggun...')
#1 C:\Users\Ahmad Qomaini\Desktop\kas\vendor\codeigniter4\framework\system\Database\BaseConnection.php(741): CodeIgniter\Database\MySQLi\Connection->execute('UPDATE `penggun...')
#2 C:\Users\Ahmad Qomaini\Desktop\kas\vendor\codeigniter4\framework\system\Database\BaseConnection.php(669): CodeIgniter\Database\BaseConnection->simpleQuery('UPDATE `penggun...')
#3 C:\Users\Ahmad Qomaini\Desktop\kas\vendor\codeigniter4\framework\system\Database\BaseBuilder.php(2456): CodeIgniter\Database\BaseConnection->query('UPDATE `penggun...', Array, false)
#4 C:\Users\Ahmad Qomaini\Desktop\kas\vendor\codeigniter4\framework\system\Model.php(889): CodeIgniter\Database\BaseBuilder->update()
#5 C:\Users\Ahmad Qomaini\Desktop\kas\vendor\codeigniter4\framework\system\Model.php(570): CodeIgniter\Model->update(Array, Array)
#6 C:\Users\Ahmad Qomaini\Desktop\kas\app\Controllers\Profile.php(54): CodeIgniter\Model->save(Array)
#7 C:\Users\Ahmad Qomaini\Desktop\kas\vendor\codeigniter4\framework\system\CodeIgniter.php(918): App\Controllers\Profile->update()
#8 C:\Users\Ahmad Qomaini\Desktop\kas\vendor\codeigniter4\framework\system\CodeIgniter.php(404): CodeIgniter\CodeIgniter->runController(Object(App\Controllers\Profile))
#9 C:\Users\Ahmad Qomaini\Desktop\kas\vendor\codeigniter4\framework\system\CodeIgniter.php(312): CodeIgniter\CodeIgniter->handleRequest(NULL, Object(Config\Cache), false)
#10 C:\Users\Ahmad Qomaini\Desktop\kas\index.php(44): CodeIgniter\CodeIgniter->run()
#11 C:\Users\Ahmad Qomaini\Desktop\kas\vendor\codeigniter4\framework\system\Commands\Server\rewrite.php(34): require_once('C:\\Users\\Ahmad ...')
#12 {main}
CRITICAL - 2020-09-29 22:35:17 --> Duplicate entry '082174416077' for key 'no_hp'
#0 C:\Users\Ahmad Qomaini\Desktop\kas\vendor\codeigniter4\framework\system\Database\MySQLi\Connection.php(331): mysqli->query('UPDATE `penggun...')
#1 C:\Users\Ahmad Qomaini\Desktop\kas\vendor\codeigniter4\framework\system\Database\BaseConnection.php(741): CodeIgniter\Database\MySQLi\Connection->execute('UPDATE `penggun...')
#2 C:\Users\Ahmad Qomaini\Desktop\kas\vendor\codeigniter4\framework\system\Database\BaseConnection.php(669): CodeIgniter\Database\BaseConnection->simpleQuery('UPDATE `penggun...')
#3 C:\Users\Ahmad Qomaini\Desktop\kas\vendor\codeigniter4\framework\system\Database\BaseBuilder.php(2456): CodeIgniter\Database\BaseConnection->query('UPDATE `penggun...', Array, false)
#4 C:\Users\Ahmad Qomaini\Desktop\kas\vendor\codeigniter4\framework\system\Model.php(889): CodeIgniter\Database\BaseBuilder->update()
#5 C:\Users\Ahmad Qomaini\Desktop\kas\vendor\codeigniter4\framework\system\Model.php(570): CodeIgniter\Model->update(Array, Array)
#6 C:\Users\Ahmad Qomaini\Desktop\kas\app\Controllers\Profile.php(54): CodeIgniter\Model->save(Array)
#7 C:\Users\Ahmad Qomaini\Desktop\kas\vendor\codeigniter4\framework\system\CodeIgniter.php(918): App\Controllers\Profile->update()
#8 C:\Users\Ahmad Qomaini\Desktop\kas\vendor\codeigniter4\framework\system\CodeIgniter.php(404): CodeIgniter\CodeIgniter->runController(Object(App\Controllers\Profile))
#9 C:\Users\Ahmad Qomaini\Desktop\kas\vendor\codeigniter4\framework\system\CodeIgniter.php(312): CodeIgniter\CodeIgniter->handleRequest(NULL, Object(Config\Cache), false)
#10 C:\Users\Ahmad Qomaini\Desktop\kas\index.php(44): CodeIgniter\CodeIgniter->run()
#11 C:\Users\Ahmad Qomaini\Desktop\kas\vendor\codeigniter4\framework\system\Commands\Server\rewrite.php(34): require_once('C:\\Users\\Ahmad ...')
#12 {main}
