CRITICAL - 2020-09-28 19:42:25 --> Unable to connect to the database.
#0 C:\Users\Ahmad Qomaini\Desktop\kas\vendor\codeigniter4\framework\system\Database\BaseConnection.php(646): CodeIgniter\Database\BaseConnection->initialize()
#1 C:\Users\Ahmad Qomaini\Desktop\kas\vendor\codeigniter4\framework\system\Database\BaseBuilder.php(1860): CodeIgniter\Database\BaseConnection->query('SELECT *\nFROM `...', Array, false)
#2 C:\Users\Ahmad Qomaini\Desktop\kas\vendor\codeigniter4\framework\system\Model.php(506): CodeIgniter\Database\BaseBuilder->get()
#3 C:\Users\Ahmad Qomaini\Desktop\kas\app\Models\settingModel.php(21): CodeIgniter\Model->first()
#4 C:\Users\Ahmad Qomaini\Desktop\kas\app\Views\auth\v_login.php(11): App\Models\settingModel->setting()
#5 C:\Users\Ahmad Qomaini\Desktop\kas\vendor\codeigniter4\framework\system\View\View.php(246): include('C:\\Users\\Ahmad ...')
#6 C:\Users\Ahmad Qomaini\Desktop\kas\vendor\codeigniter4\framework\system\Common.php(1119): CodeIgniter\View\View->render('auth/v_login', Array, true)
#7 C:\Users\Ahmad Qomaini\Desktop\kas\app\Controllers\Auth.php(34): view('auth/v_login')
#8 C:\Users\Ahmad Qomaini\Desktop\kas\vendor\codeigniter4\framework\system\CodeIgniter.php(918): App\Controllers\Auth->login()
#9 C:\Users\Ahmad Qomaini\Desktop\kas\vendor\codeigniter4\framework\system\CodeIgniter.php(404): CodeIgniter\CodeIgniter->runController(Object(App\Controllers\Auth))
#10 C:\Users\Ahmad Qomaini\Desktop\kas\vendor\codeigniter4\framework\system\CodeIgniter.php(312): CodeIgniter\CodeIgniter->handleRequest(NULL, Object(Config\Cache), false)
#11 C:\Users\Ahmad Qomaini\Desktop\kas\index.php(44): CodeIgniter\CodeIgniter->run()
#12 C:\Users\Ahmad Qomaini\Desktop\kas\vendor\codeigniter4\framework\system\Commands\Server\rewrite.php(34): require_once('C:\\Users\\Ahmad ...')
#13 {main}
CRITICAL - 2020-09-28 20:36:37 --> Undefined variable: db
#0 C:\Users\Ahmad Qomaini\Desktop\kas\app\Views\auth\v_login.php(6): CodeIgniter\Debug\Exceptions->errorHandler(8, 'Undefined varia...', 'C:\\Users\\Ahmad ...', 6, Array)
#1 C:\Users\Ahmad Qomaini\Desktop\kas\vendor\codeigniter4\framework\system\View\View.php(246): include('C:\\Users\\Ahmad ...')
#2 C:\Users\Ahmad Qomaini\Desktop\kas\vendor\codeigniter4\framework\system\Common.php(1119): CodeIgniter\View\View->render('auth/v_login', Array, true)
#3 C:\Users\Ahmad Qomaini\Desktop\kas\app\Controllers\Auth.php(34): view('auth/v_login')
#4 C:\Users\Ahmad Qomaini\Desktop\kas\vendor\codeigniter4\framework\system\CodeIgniter.php(918): App\Controllers\Auth->login()
#5 C:\Users\Ahmad Qomaini\Desktop\kas\vendor\codeigniter4\framework\system\CodeIgniter.php(404): CodeIgniter\CodeIgniter->runController(Object(App\Controllers\Auth))
#6 C:\Users\Ahmad Qomaini\Desktop\kas\vendor\codeigniter4\framework\system\CodeIgniter.php(312): CodeIgniter\CodeIgniter->handleRequest(NULL, Object(Config\Cache), false)
#7 C:\Users\Ahmad Qomaini\Desktop\kas\index.php(44): CodeIgniter\CodeIgniter->run()
#8 C:\Users\Ahmad Qomaini\Desktop\kas\vendor\codeigniter4\framework\system\Commands\Server\rewrite.php(34): require_once('C:\\Users\\Ahmad ...')
#9 {main}
CRITICAL - 2020-09-28 20:45:18 --> Undefined variable: db
#0 C:\Users\Ahmad Qomaini\Desktop\kas\app\Views\auth\header.php(7): CodeIgniter\Debug\Exceptions->errorHandler(8, 'Undefined varia...', 'C:\\Users\\Ahmad ...', 7, Array)
#1 C:\Users\Ahmad Qomaini\Desktop\kas\vendor\codeigniter4\framework\system\View\View.php(246): include('C:\\Users\\Ahmad ...')
#2 C:\Users\Ahmad Qomaini\Desktop\kas\vendor\codeigniter4\framework\system\View\View.php(525): CodeIgniter\View\View->render('auth/header', NULL, true)
#3 C:\Users\Ahmad Qomaini\Desktop\kas\app\Views\auth\v_register.php(1): CodeIgniter\View\View->include('auth/header')
#4 C:\Users\Ahmad Qomaini\Desktop\kas\vendor\codeigniter4\framework\system\View\View.php(246): include('C:\\Users\\Ahmad ...')
#5 C:\Users\Ahmad Qomaini\Desktop\kas\vendor\codeigniter4\framework\system\Common.php(1119): CodeIgniter\View\View->render('auth/v_register', Array, true)
#6 C:\Users\Ahmad Qomaini\Desktop\kas\app\Controllers\Auth.php(45): view('auth/v_register')
#7 C:\Users\Ahmad Qomaini\Desktop\kas\vendor\codeigniter4\framework\system\CodeIgniter.php(918): App\Controllers\Auth->register()
#8 C:\Users\Ahmad Qomaini\Desktop\kas\vendor\codeigniter4\framework\system\CodeIgniter.php(404): CodeIgniter\CodeIgniter->runController(Object(App\Controllers\Auth))
#9 C:\Users\Ahmad Qomaini\Desktop\kas\vendor\codeigniter4\framework\system\CodeIgniter.php(312): CodeIgniter\CodeIgniter->handleRequest(NULL, Object(Config\Cache), false)
#10 C:\Users\Ahmad Qomaini\Desktop\kas\index.php(44): CodeIgniter\CodeIgniter->run()
#11 C:\Users\Ahmad Qomaini\Desktop\kas\vendor\codeigniter4\framework\system\Commands\Server\rewrite.php(34): require_once('C:\\Users\\Ahmad ...')
#12 {main}
CRITICAL - 2020-09-28 20:50:34 --> Undefined variable: db
#0 C:\Users\Ahmad Qomaini\Desktop\kas\app\Views\auth\header.php(7): CodeIgniter\Debug\Exceptions->errorHandler(8, 'Undefined varia...', 'C:\\Users\\Ahmad ...', 7, Array)
#1 C:\Users\Ahmad Qomaini\Desktop\kas\vendor\codeigniter4\framework\system\View\View.php(246): include('C:\\Users\\Ahmad ...')
#2 C:\Users\Ahmad Qomaini\Desktop\kas\vendor\codeigniter4\framework\system\View\View.php(525): CodeIgniter\View\View->render('auth/header', NULL, true)
#3 C:\Users\Ahmad Qomaini\Desktop\kas\app\Views\auth\v_lupa_password.php(1): CodeIgniter\View\View->include('auth/header')
#4 C:\Users\Ahmad Qomaini\Desktop\kas\vendor\codeigniter4\framework\system\View\View.php(246): include('C:\\Users\\Ahmad ...')
#5 C:\Users\Ahmad Qomaini\Desktop\kas\vendor\codeigniter4\framework\system\Common.php(1119): CodeIgniter\View\View->render('auth/v_lupa_pas...', Array, true)
#6 C:\Users\Ahmad Qomaini\Desktop\kas\app\Controllers\Auth.php(73): view('auth/v_lupa_pas...')
#7 C:\Users\Ahmad Qomaini\Desktop\kas\vendor\codeigniter4\framework\system\CodeIgniter.php(918): App\Controllers\Auth->lupa_password()
#8 C:\Users\Ahmad Qomaini\Desktop\kas\vendor\codeigniter4\framework\system\CodeIgniter.php(404): CodeIgniter\CodeIgniter->runController(Object(App\Controllers\Auth))
#9 C:\Users\Ahmad Qomaini\Desktop\kas\vendor\codeigniter4\framework\system\CodeIgniter.php(312): CodeIgniter\CodeIgniter->handleRequest(NULL, Object(Config\Cache), false)
#10 C:\Users\Ahmad Qomaini\Desktop\kas\index.php(44): CodeIgniter\CodeIgniter->run()
#11 C:\Users\Ahmad Qomaini\Desktop\kas\vendor\codeigniter4\framework\system\Commands\Server\rewrite.php(34): require_once('C:\\Users\\Ahmad ...')
#12 {main}
CRITICAL - 2020-09-28 21:22:12 --> Request URI segment is out of range: 1
#0 C:\Users\Ahmad Qomaini\Desktop\kas\vendor\codeigniter4\framework\system\HTTP\URI.php(515): CodeIgniter\HTTP\Exceptions\HTTPException::forURISegmentOutOfRange(1)
#1 C:\Users\Ahmad Qomaini\Desktop\kas\app\Views\auth\header.php(7): CodeIgniter\HTTP\URI->getSegment(1, '')
#2 C:\Users\Ahmad Qomaini\Desktop\kas\vendor\codeigniter4\framework\system\View\View.php(246): include('C:\\Users\\Ahmad ...')
#3 C:\Users\Ahmad Qomaini\Desktop\kas\vendor\codeigniter4\framework\system\View\View.php(525): CodeIgniter\View\View->render('auth/header', NULL, true)
#4 C:\Users\Ahmad Qomaini\Desktop\kas\app\Views\auth\v_login.php(1): CodeIgniter\View\View->include('auth/header')
#5 C:\Users\Ahmad Qomaini\Desktop\kas\vendor\codeigniter4\framework\system\View\View.php(246): include('C:\\Users\\Ahmad ...')
#6 C:\Users\Ahmad Qomaini\Desktop\kas\vendor\codeigniter4\framework\system\Common.php(1119): CodeIgniter\View\View->render('auth/v_login', Array, true)
#7 C:\Users\Ahmad Qomaini\Desktop\kas\app\Controllers\Auth.php(38): view('auth/v_login', Array)
#8 C:\Users\Ahmad Qomaini\Desktop\kas\vendor\codeigniter4\framework\system\CodeIgniter.php(918): App\Controllers\Auth->login()
#9 C:\Users\Ahmad Qomaini\Desktop\kas\vendor\codeigniter4\framework\system\CodeIgniter.php(404): CodeIgniter\CodeIgniter->runController(Object(App\Controllers\Auth))
#10 C:\Users\Ahmad Qomaini\Desktop\kas\vendor\codeigniter4\framework\system\CodeIgniter.php(312): CodeIgniter\CodeIgniter->handleRequest(NULL, Object(Config\Cache), false)
#11 C:\Users\Ahmad Qomaini\Desktop\kas\index.php(44): CodeIgniter\CodeIgniter->run()
#12 C:\Users\Ahmad Qomaini\Desktop\kas\vendor\codeigniter4\framework\system\Commands\Server\rewrite.php(34): require_once('C:\\Users\\Ahmad ...')
#13 {main}
CRITICAL - 2020-09-28 21:22:42 --> Request URI segment is out of range: 1
#0 C:\Users\Ahmad Qomaini\Desktop\kas\vendor\codeigniter4\framework\system\HTTP\URI.php(515): CodeIgniter\HTTP\Exceptions\HTTPException::forURISegmentOutOfRange(1)
#1 C:\Users\Ahmad Qomaini\Desktop\kas\app\Views\auth\header.php(7): CodeIgniter\HTTP\URI->getSegment(1, '')
#2 C:\Users\Ahmad Qomaini\Desktop\kas\vendor\codeigniter4\framework\system\View\View.php(246): include('C:\\Users\\Ahmad ...')
#3 C:\Users\Ahmad Qomaini\Desktop\kas\vendor\codeigniter4\framework\system\View\View.php(525): CodeIgniter\View\View->render('auth/header', NULL, true)
#4 C:\Users\Ahmad Qomaini\Desktop\kas\app\Views\auth\v_login.php(1): CodeIgniter\View\View->include('auth/header')
#5 C:\Users\Ahmad Qomaini\Desktop\kas\vendor\codeigniter4\framework\system\View\View.php(246): include('C:\\Users\\Ahmad ...')
#6 C:\Users\Ahmad Qomaini\Desktop\kas\vendor\codeigniter4\framework\system\Common.php(1119): CodeIgniter\View\View->render('auth/v_login', Array, true)
#7 C:\Users\Ahmad Qomaini\Desktop\kas\app\Controllers\Auth.php(38): view('auth/v_login', Array)
#8 C:\Users\Ahmad Qomaini\Desktop\kas\vendor\codeigniter4\framework\system\CodeIgniter.php(918): App\Controllers\Auth->login()
#9 C:\Users\Ahmad Qomaini\Desktop\kas\vendor\codeigniter4\framework\system\CodeIgniter.php(404): CodeIgniter\CodeIgniter->runController(Object(App\Controllers\Auth))
#10 C:\Users\Ahmad Qomaini\Desktop\kas\vendor\codeigniter4\framework\system\CodeIgniter.php(312): CodeIgniter\CodeIgniter->handleRequest(NULL, Object(Config\Cache), false)
#11 C:\Users\Ahmad Qomaini\Desktop\kas\index.php(44): CodeIgniter\CodeIgniter->run()
#12 C:\Users\Ahmad Qomaini\Desktop\kas\vendor\codeigniter4\framework\system\Commands\Server\rewrite.php(34): require_once('C:\\Users\\Ahmad ...')
#13 {main}
CRITICAL - 2020-09-28 21:22:43 --> Request URI segment is out of range: 1
#0 C:\Users\Ahmad Qomaini\Desktop\kas\vendor\codeigniter4\framework\system\HTTP\URI.php(515): CodeIgniter\HTTP\Exceptions\HTTPException::forURISegmentOutOfRange(1)
#1 C:\Users\Ahmad Qomaini\Desktop\kas\app\Views\auth\header.php(7): CodeIgniter\HTTP\URI->getSegment(1, '')
#2 C:\Users\Ahmad Qomaini\Desktop\kas\vendor\codeigniter4\framework\system\View\View.php(246): include('C:\\Users\\Ahmad ...')
#3 C:\Users\Ahmad Qomaini\Desktop\kas\vendor\codeigniter4\framework\system\View\View.php(525): CodeIgniter\View\View->render('auth/header', NULL, true)
#4 C:\Users\Ahmad Qomaini\Desktop\kas\app\Views\auth\v_login.php(1): CodeIgniter\View\View->include('auth/header')
#5 C:\Users\Ahmad Qomaini\Desktop\kas\vendor\codeigniter4\framework\system\View\View.php(246): include('C:\\Users\\Ahmad ...')
#6 C:\Users\Ahmad Qomaini\Desktop\kas\vendor\codeigniter4\framework\system\Common.php(1119): CodeIgniter\View\View->render('auth/v_login', Array, true)
#7 C:\Users\Ahmad Qomaini\Desktop\kas\app\Controllers\Auth.php(38): view('auth/v_login', Array)
#8 C:\Users\Ahmad Qomaini\Desktop\kas\vendor\codeigniter4\framework\system\CodeIgniter.php(918): App\Controllers\Auth->login()
#9 C:\Users\Ahmad Qomaini\Desktop\kas\vendor\codeigniter4\framework\system\CodeIgniter.php(404): CodeIgniter\CodeIgniter->runController(Object(App\Controllers\Auth))
#10 C:\Users\Ahmad Qomaini\Desktop\kas\vendor\codeigniter4\framework\system\CodeIgniter.php(312): CodeIgniter\CodeIgniter->handleRequest(NULL, Object(Config\Cache), false)
#11 C:\Users\Ahmad Qomaini\Desktop\kas\index.php(44): CodeIgniter\CodeIgniter->run()
#12 C:\Users\Ahmad Qomaini\Desktop\kas\vendor\codeigniter4\framework\system\Commands\Server\rewrite.php(34): require_once('C:\\Users\\Ahmad ...')
#13 {main}
CRITICAL - 2020-09-28 21:22:45 --> Request URI segment is out of range: 1
#0 C:\Users\Ahmad Qomaini\Desktop\kas\vendor\codeigniter4\framework\system\HTTP\URI.php(515): CodeIgniter\HTTP\Exceptions\HTTPException::forURISegmentOutOfRange(1)
#1 C:\Users\Ahmad Qomaini\Desktop\kas\app\Views\auth\header.php(7): CodeIgniter\HTTP\URI->getSegment(1, '')
#2 C:\Users\Ahmad Qomaini\Desktop\kas\vendor\codeigniter4\framework\system\View\View.php(246): include('C:\\Users\\Ahmad ...')
#3 C:\Users\Ahmad Qomaini\Desktop\kas\vendor\codeigniter4\framework\system\View\View.php(525): CodeIgniter\View\View->render('auth/header', NULL, true)
#4 C:\Users\Ahmad Qomaini\Desktop\kas\app\Views\auth\v_login.php(1): CodeIgniter\View\View->include('auth/header')
#5 C:\Users\Ahmad Qomaini\Desktop\kas\vendor\codeigniter4\framework\system\View\View.php(246): include('C:\\Users\\Ahmad ...')
#6 C:\Users\Ahmad Qomaini\Desktop\kas\vendor\codeigniter4\framework\system\Common.php(1119): CodeIgniter\View\View->render('auth/v_login', Array, true)
#7 C:\Users\Ahmad Qomaini\Desktop\kas\app\Controllers\Auth.php(38): view('auth/v_login', Array)
#8 C:\Users\Ahmad Qomaini\Desktop\kas\vendor\codeigniter4\framework\system\CodeIgniter.php(918): App\Controllers\Auth->login()
#9 C:\Users\Ahmad Qomaini\Desktop\kas\vendor\codeigniter4\framework\system\CodeIgniter.php(404): CodeIgniter\CodeIgniter->runController(Object(App\Controllers\Auth))
#10 C:\Users\Ahmad Qomaini\Desktop\kas\vendor\codeigniter4\framework\system\CodeIgniter.php(312): CodeIgniter\CodeIgniter->handleRequest(NULL, Object(Config\Cache), false)
#11 C:\Users\Ahmad Qomaini\Desktop\kas\index.php(44): CodeIgniter\CodeIgniter->run()
#12 C:\Users\Ahmad Qomaini\Desktop\kas\vendor\codeigniter4\framework\system\Commands\Server\rewrite.php(34): require_once('C:\\Users\\Ahmad ...')
#13 {main}
CRITICAL - 2020-09-28 21:22:46 --> Request URI segment is out of range: 1
#0 C:\Users\Ahmad Qomaini\Desktop\kas\vendor\codeigniter4\framework\system\HTTP\URI.php(515): CodeIgniter\HTTP\Exceptions\HTTPException::forURISegmentOutOfRange(1)
#1 C:\Users\Ahmad Qomaini\Desktop\kas\app\Views\auth\header.php(7): CodeIgniter\HTTP\URI->getSegment(1, '')
#2 C:\Users\Ahmad Qomaini\Desktop\kas\vendor\codeigniter4\framework\system\View\View.php(246): include('C:\\Users\\Ahmad ...')
#3 C:\Users\Ahmad Qomaini\Desktop\kas\vendor\codeigniter4\framework\system\View\View.php(525): CodeIgniter\View\View->render('auth/header', NULL, true)
#4 C:\Users\Ahmad Qomaini\Desktop\kas\app\Views\auth\v_login.php(1): CodeIgniter\View\View->include('auth/header')
#5 C:\Users\Ahmad Qomaini\Desktop\kas\vendor\codeigniter4\framework\system\View\View.php(246): include('C:\\Users\\Ahmad ...')
#6 C:\Users\Ahmad Qomaini\Desktop\kas\vendor\codeigniter4\framework\system\Common.php(1119): CodeIgniter\View\View->render('auth/v_login', Array, true)
#7 C:\Users\Ahmad Qomaini\Desktop\kas\app\Controllers\Auth.php(38): view('auth/v_login', Array)
#8 C:\Users\Ahmad Qomaini\Desktop\kas\vendor\codeigniter4\framework\system\CodeIgniter.php(918): App\Controllers\Auth->login()
#9 C:\Users\Ahmad Qomaini\Desktop\kas\vendor\codeigniter4\framework\system\CodeIgniter.php(404): CodeIgniter\CodeIgniter->runController(Object(App\Controllers\Auth))
#10 C:\Users\Ahmad Qomaini\Desktop\kas\vendor\codeigniter4\framework\system\CodeIgniter.php(312): CodeIgniter\CodeIgniter->handleRequest(NULL, Object(Config\Cache), false)
#11 C:\Users\Ahmad Qomaini\Desktop\kas\index.php(44): CodeIgniter\CodeIgniter->run()
#12 C:\Users\Ahmad Qomaini\Desktop\kas\vendor\codeigniter4\framework\system\Commands\Server\rewrite.php(34): require_once('C:\\Users\\Ahmad ...')
#13 {main}
CRITICAL - 2020-09-28 21:23:14 --> Request URI segment is out of range: 1
#0 C:\Users\Ahmad Qomaini\Desktop\kas\vendor\codeigniter4\framework\system\HTTP\URI.php(515): CodeIgniter\HTTP\Exceptions\HTTPException::forURISegmentOutOfRange(1)
#1 C:\Users\Ahmad Qomaini\Desktop\kas\app\Views\auth\header.php(7): CodeIgniter\HTTP\URI->getSegment(1, '')
#2 C:\Users\Ahmad Qomaini\Desktop\kas\vendor\codeigniter4\framework\system\View\View.php(246): include('C:\\Users\\Ahmad ...')
#3 C:\Users\Ahmad Qomaini\Desktop\kas\vendor\codeigniter4\framework\system\View\View.php(525): CodeIgniter\View\View->render('auth/header', NULL, true)
#4 C:\Users\Ahmad Qomaini\Desktop\kas\app\Views\auth\v_login.php(1): CodeIgniter\View\View->include('auth/header')
#5 C:\Users\Ahmad Qomaini\Desktop\kas\vendor\codeigniter4\framework\system\View\View.php(246): include('C:\\Users\\Ahmad ...')
#6 C:\Users\Ahmad Qomaini\Desktop\kas\vendor\codeigniter4\framework\system\Common.php(1119): CodeIgniter\View\View->render('auth/v_login', Array, true)
#7 C:\Users\Ahmad Qomaini\Desktop\kas\app\Controllers\Auth.php(38): view('auth/v_login', Array)
#8 C:\Users\Ahmad Qomaini\Desktop\kas\vendor\codeigniter4\framework\system\CodeIgniter.php(918): App\Controllers\Auth->login()
#9 C:\Users\Ahmad Qomaini\Desktop\kas\vendor\codeigniter4\framework\system\CodeIgniter.php(404): CodeIgniter\CodeIgniter->runController(Object(App\Controllers\Auth))
#10 C:\Users\Ahmad Qomaini\Desktop\kas\vendor\codeigniter4\framework\system\CodeIgniter.php(312): CodeIgniter\CodeIgniter->handleRequest(NULL, Object(Config\Cache), false)
#11 C:\Users\Ahmad Qomaini\Desktop\kas\index.php(44): CodeIgniter\CodeIgniter->run()
#12 C:\Users\Ahmad Qomaini\Desktop\kas\vendor\codeigniter4\framework\system\Commands\Server\rewrite.php(34): require_once('C:\\Users\\Ahmad ...')
#13 {main}
CRITICAL - 2020-09-28 21:23:15 --> Request URI segment is out of range: 1
#0 C:\Users\Ahmad Qomaini\Desktop\kas\vendor\codeigniter4\framework\system\HTTP\URI.php(515): CodeIgniter\HTTP\Exceptions\HTTPException::forURISegmentOutOfRange(1)
#1 C:\Users\Ahmad Qomaini\Desktop\kas\app\Views\auth\header.php(7): CodeIgniter\HTTP\URI->getSegment(1, '')
#2 C:\Users\Ahmad Qomaini\Desktop\kas\vendor\codeigniter4\framework\system\View\View.php(246): include('C:\\Users\\Ahmad ...')
#3 C:\Users\Ahmad Qomaini\Desktop\kas\vendor\codeigniter4\framework\system\View\View.php(525): CodeIgniter\View\View->render('auth/header', NULL, true)
#4 C:\Users\Ahmad Qomaini\Desktop\kas\app\Views\auth\v_login.php(1): CodeIgniter\View\View->include('auth/header')
#5 C:\Users\Ahmad Qomaini\Desktop\kas\vendor\codeigniter4\framework\system\View\View.php(246): include('C:\\Users\\Ahmad ...')
#6 C:\Users\Ahmad Qomaini\Desktop\kas\vendor\codeigniter4\framework\system\Common.php(1119): CodeIgniter\View\View->render('auth/v_login', Array, true)
#7 C:\Users\Ahmad Qomaini\Desktop\kas\app\Controllers\Auth.php(38): view('auth/v_login', Array)
#8 C:\Users\Ahmad Qomaini\Desktop\kas\vendor\codeigniter4\framework\system\CodeIgniter.php(918): App\Controllers\Auth->login()
#9 C:\Users\Ahmad Qomaini\Desktop\kas\vendor\codeigniter4\framework\system\CodeIgniter.php(404): CodeIgniter\CodeIgniter->runController(Object(App\Controllers\Auth))
#10 C:\Users\Ahmad Qomaini\Desktop\kas\vendor\codeigniter4\framework\system\CodeIgniter.php(312): CodeIgniter\CodeIgniter->handleRequest(NULL, Object(Config\Cache), false)
#11 C:\Users\Ahmad Qomaini\Desktop\kas\index.php(44): CodeIgniter\CodeIgniter->run()
#12 C:\Users\Ahmad Qomaini\Desktop\kas\vendor\codeigniter4\framework\system\Commands\Server\rewrite.php(34): require_once('C:\\Users\\Ahmad ...')
#13 {main}
CRITICAL - 2020-09-28 21:23:44 --> Request URI segment is out of range: 1
#0 C:\Users\Ahmad Qomaini\Desktop\kas\vendor\codeigniter4\framework\system\HTTP\URI.php(515): CodeIgniter\HTTP\Exceptions\HTTPException::forURISegmentOutOfRange(1)
#1 C:\Users\Ahmad Qomaini\Desktop\kas\app\Views\auth\header.php(7): CodeIgniter\HTTP\URI->getSegment(1, '0')
#2 C:\Users\Ahmad Qomaini\Desktop\kas\vendor\codeigniter4\framework\system\View\View.php(246): include('C:\\Users\\Ahmad ...')
#3 C:\Users\Ahmad Qomaini\Desktop\kas\vendor\codeigniter4\framework\system\View\View.php(525): CodeIgniter\View\View->render('auth/header', NULL, true)
#4 C:\Users\Ahmad Qomaini\Desktop\kas\app\Views\auth\v_login.php(1): CodeIgniter\View\View->include('auth/header')
#5 C:\Users\Ahmad Qomaini\Desktop\kas\vendor\codeigniter4\framework\system\View\View.php(246): include('C:\\Users\\Ahmad ...')
#6 C:\Users\Ahmad Qomaini\Desktop\kas\vendor\codeigniter4\framework\system\Common.php(1119): CodeIgniter\View\View->render('auth/v_login', Array, true)
#7 C:\Users\Ahmad Qomaini\Desktop\kas\app\Controllers\Auth.php(38): view('auth/v_login', Array)
#8 C:\Users\Ahmad Qomaini\Desktop\kas\vendor\codeigniter4\framework\system\CodeIgniter.php(918): App\Controllers\Auth->login()
#9 C:\Users\Ahmad Qomaini\Desktop\kas\vendor\codeigniter4\framework\system\CodeIgniter.php(404): CodeIgniter\CodeIgniter->runController(Object(App\Controllers\Auth))
#10 C:\Users\Ahmad Qomaini\Desktop\kas\vendor\codeigniter4\framework\system\CodeIgniter.php(312): CodeIgniter\CodeIgniter->handleRequest(NULL, Object(Config\Cache), false)
#11 C:\Users\Ahmad Qomaini\Desktop\kas\index.php(44): CodeIgniter\CodeIgniter->run()
#12 C:\Users\Ahmad Qomaini\Desktop\kas\vendor\codeigniter4\framework\system\Commands\Server\rewrite.php(34): require_once('C:\\Users\\Ahmad ...')
#13 {main}
CRITICAL - 2020-09-28 21:24:55 --> Argument 1 passed to CodeIgniter\HTTP\URI::getSegment() must be of the type int, string given, called in C:\Users\Ahmad Qomaini\Desktop\kas\app\Views\auth\header.php on line 7
#0 C:\Users\Ahmad Qomaini\Desktop\kas\app\Views\auth\header.php(7): CodeIgniter\HTTP\URI->getSegment('auth', 0)
#1 C:\Users\Ahmad Qomaini\Desktop\kas\vendor\codeigniter4\framework\system\View\View.php(246): include('C:\\Users\\Ahmad ...')
#2 C:\Users\Ahmad Qomaini\Desktop\kas\vendor\codeigniter4\framework\system\View\View.php(525): CodeIgniter\View\View->render('auth/header', NULL, true)
#3 C:\Users\Ahmad Qomaini\Desktop\kas\app\Views\auth\v_lupa_password.php(1): CodeIgniter\View\View->include('auth/header')
#4 C:\Users\Ahmad Qomaini\Desktop\kas\vendor\codeigniter4\framework\system\View\View.php(246): include('C:\\Users\\Ahmad ...')
#5 C:\Users\Ahmad Qomaini\Desktop\kas\vendor\codeigniter4\framework\system\Common.php(1119): CodeIgniter\View\View->render('auth/v_lupa_pas...', Array, true)
#6 C:\Users\Ahmad Qomaini\Desktop\kas\app\Controllers\Auth.php(76): view('auth/v_lupa_pas...', Array)
#7 C:\Users\Ahmad Qomaini\Desktop\kas\vendor\codeigniter4\framework\system\CodeIgniter.php(918): App\Controllers\Auth->lupa_password()
#8 C:\Users\Ahmad Qomaini\Desktop\kas\vendor\codeigniter4\framework\system\CodeIgniter.php(404): CodeIgniter\CodeIgniter->runController(Object(App\Controllers\Auth))
#9 C:\Users\Ahmad Qomaini\Desktop\kas\vendor\codeigniter4\framework\system\CodeIgniter.php(312): CodeIgniter\CodeIgniter->handleRequest(NULL, Object(Config\Cache), false)
#10 C:\Users\Ahmad Qomaini\Desktop\kas\index.php(44): CodeIgniter\CodeIgniter->run()
#11 C:\Users\Ahmad Qomaini\Desktop\kas\vendor\codeigniter4\framework\system\Commands\Server\rewrite.php(34): require_once('C:\\Users\\Ahmad ...')
#12 {main}
CRITICAL - 2020-09-28 21:35:02 --> syntax error, unexpected end of file, expecting endswitch (T_ENDSWITCH) or case (T_CASE) or default (T_DEFAULT)
#0 C:\Users\Ahmad Qomaini\Desktop\kas\vendor\codeigniter4\framework\system\View\View.php(525): CodeIgniter\View\View->render('auth/header', NULL, true)
#1 C:\Users\Ahmad Qomaini\Desktop\kas\app\Views\auth\v_login.php(1): CodeIgniter\View\View->include('auth/header')
#2 C:\Users\Ahmad Qomaini\Desktop\kas\vendor\codeigniter4\framework\system\View\View.php(246): include('C:\\Users\\Ahmad ...')
#3 C:\Users\Ahmad Qomaini\Desktop\kas\vendor\codeigniter4\framework\system\Common.php(1119): CodeIgniter\View\View->render('auth/v_login', Array, true)
#4 C:\Users\Ahmad Qomaini\Desktop\kas\app\Controllers\Auth.php(38): view('auth/v_login', Array)
#5 C:\Users\Ahmad Qomaini\Desktop\kas\vendor\codeigniter4\framework\system\CodeIgniter.php(918): App\Controllers\Auth->login()
#6 C:\Users\Ahmad Qomaini\Desktop\kas\vendor\codeigniter4\framework\system\CodeIgniter.php(404): CodeIgniter\CodeIgniter->runController(Object(App\Controllers\Auth))
#7 C:\Users\Ahmad Qomaini\Desktop\kas\vendor\codeigniter4\framework\system\CodeIgniter.php(312): CodeIgniter\CodeIgniter->handleRequest(NULL, Object(Config\Cache), false)
#8 C:\Users\Ahmad Qomaini\Desktop\kas\index.php(44): CodeIgniter\CodeIgniter->run()
#9 C:\Users\Ahmad Qomaini\Desktop\kas\vendor\codeigniter4\framework\system\Commands\Server\rewrite.php(34): require_once('C:\\Users\\Ahmad ...')
#10 {main}
CRITICAL - 2020-09-28 21:36:47 --> Undefined variable: url
#0 C:\Users\Ahmad Qomaini\Desktop\kas\app\Views\auth\header.php(14): CodeIgniter\Debug\Exceptions->errorHandler(8, 'Undefined varia...', 'C:\\Users\\Ahmad ...', 14, Array)
#1 C:\Users\Ahmad Qomaini\Desktop\kas\vendor\codeigniter4\framework\system\View\View.php(246): include('C:\\Users\\Ahmad ...')
#2 C:\Users\Ahmad Qomaini\Desktop\kas\vendor\codeigniter4\framework\system\View\View.php(525): CodeIgniter\View\View->render('auth/header', NULL, true)
#3 C:\Users\Ahmad Qomaini\Desktop\kas\app\Views\auth\v_login.php(1): CodeIgniter\View\View->include('auth/header')
#4 C:\Users\Ahmad Qomaini\Desktop\kas\vendor\codeigniter4\framework\system\View\View.php(246): include('C:\\Users\\Ahmad ...')
#5 C:\Users\Ahmad Qomaini\Desktop\kas\vendor\codeigniter4\framework\system\Common.php(1119): CodeIgniter\View\View->render('auth/v_login', Array, true)
#6 C:\Users\Ahmad Qomaini\Desktop\kas\app\Controllers\Auth.php(38): view('auth/v_login', Array)
#7 C:\Users\Ahmad Qomaini\Desktop\kas\vendor\codeigniter4\framework\system\CodeIgniter.php(918): App\Controllers\Auth->login()
#8 C:\Users\Ahmad Qomaini\Desktop\kas\vendor\codeigniter4\framework\system\CodeIgniter.php(404): CodeIgniter\CodeIgniter->runController(Object(App\Controllers\Auth))
#9 C:\Users\Ahmad Qomaini\Desktop\kas\vendor\codeigniter4\framework\system\CodeIgniter.php(312): CodeIgniter\CodeIgniter->handleRequest(NULL, Object(Config\Cache), false)
#10 C:\Users\Ahmad Qomaini\Desktop\kas\index.php(44): CodeIgniter\CodeIgniter->run()
#11 C:\Users\Ahmad Qomaini\Desktop\kas\vendor\codeigniter4\framework\system\Commands\Server\rewrite.php(34): require_once('C:\\Users\\Ahmad ...')
#12 {main}
CRITICAL - 2020-09-28 21:37:10 --> Undefined variable: url
#0 C:\Users\Ahmad Qomaini\Desktop\kas\app\Views\auth\header.php(14): CodeIgniter\Debug\Exceptions->errorHandler(8, 'Undefined varia...', 'C:\\Users\\Ahmad ...', 14, Array)
#1 C:\Users\Ahmad Qomaini\Desktop\kas\vendor\codeigniter4\framework\system\View\View.php(246): include('C:\\Users\\Ahmad ...')
#2 C:\Users\Ahmad Qomaini\Desktop\kas\vendor\codeigniter4\framework\system\View\View.php(525): CodeIgniter\View\View->render('auth/header', NULL, true)
#3 C:\Users\Ahmad Qomaini\Desktop\kas\app\Views\auth\v_login.php(1): CodeIgniter\View\View->include('auth/header')
#4 C:\Users\Ahmad Qomaini\Desktop\kas\vendor\codeigniter4\framework\system\View\View.php(246): include('C:\\Users\\Ahmad ...')
#5 C:\Users\Ahmad Qomaini\Desktop\kas\vendor\codeigniter4\framework\system\Common.php(1119): CodeIgniter\View\View->render('auth/v_login', Array, true)
#6 C:\Users\Ahmad Qomaini\Desktop\kas\app\Controllers\Auth.php(38): view('auth/v_login', Array)
#7 C:\Users\Ahmad Qomaini\Desktop\kas\vendor\codeigniter4\framework\system\CodeIgniter.php(918): App\Controllers\Auth->login()
#8 C:\Users\Ahmad Qomaini\Desktop\kas\vendor\codeigniter4\framework\system\CodeIgniter.php(404): CodeIgniter\CodeIgniter->runController(Object(App\Controllers\Auth))
#9 C:\Users\Ahmad Qomaini\Desktop\kas\vendor\codeigniter4\framework\system\CodeIgniter.php(312): CodeIgniter\CodeIgniter->handleRequest(NULL, Object(Config\Cache), false)
#10 C:\Users\Ahmad Qomaini\Desktop\kas\index.php(44): CodeIgniter\CodeIgniter->run()
#11 C:\Users\Ahmad Qomaini\Desktop\kas\vendor\codeigniter4\framework\system\Commands\Server\rewrite.php(34): require_once('C:\\Users\\Ahmad ...')
#12 {main}
CRITICAL - 2020-09-28 21:38:08 --> Undefined variable: url
#0 C:\Users\Ahmad Qomaini\Desktop\kas\app\Views\auth\header.php(9): CodeIgniter\Debug\Exceptions->errorHandler(8, 'Undefined varia...', 'C:\\Users\\Ahmad ...', 9, Array)
#1 C:\Users\Ahmad Qomaini\Desktop\kas\vendor\codeigniter4\framework\system\View\View.php(246): include('C:\\Users\\Ahmad ...')
#2 C:\Users\Ahmad Qomaini\Desktop\kas\vendor\codeigniter4\framework\system\View\View.php(525): CodeIgniter\View\View->render('auth/header', NULL, true)
#3 C:\Users\Ahmad Qomaini\Desktop\kas\app\Views\auth\v_login.php(1): CodeIgniter\View\View->include('auth/header')
#4 C:\Users\Ahmad Qomaini\Desktop\kas\vendor\codeigniter4\framework\system\View\View.php(246): include('C:\\Users\\Ahmad ...')
#5 C:\Users\Ahmad Qomaini\Desktop\kas\vendor\codeigniter4\framework\system\Common.php(1119): CodeIgniter\View\View->render('auth/v_login', Array, true)
#6 C:\Users\Ahmad Qomaini\Desktop\kas\app\Controllers\Auth.php(38): view('auth/v_login', Array)
#7 C:\Users\Ahmad Qomaini\Desktop\kas\vendor\codeigniter4\framework\system\CodeIgniter.php(918): App\Controllers\Auth->login()
#8 C:\Users\Ahmad Qomaini\Desktop\kas\vendor\codeigniter4\framework\system\CodeIgniter.php(404): CodeIgniter\CodeIgniter->runController(Object(App\Controllers\Auth))
#9 C:\Users\Ahmad Qomaini\Desktop\kas\vendor\codeigniter4\framework\system\CodeIgniter.php(312): CodeIgniter\CodeIgniter->handleRequest(NULL, Object(Config\Cache), false)
#10 C:\Users\Ahmad Qomaini\Desktop\kas\index.php(44): CodeIgniter\CodeIgniter->run()
#11 C:\Users\Ahmad Qomaini\Desktop\kas\vendor\codeigniter4\framework\system\Commands\Server\rewrite.php(34): require_once('C:\\Users\\Ahmad ...')
#12 {main}
CRITICAL - 2020-09-28 21:38:34 --> Undefined variable: url
#0 C:\Users\Ahmad Qomaini\Desktop\kas\app\Views\auth\header.php(9): CodeIgniter\Debug\Exceptions->errorHandler(8, 'Undefined varia...', 'C:\\Users\\Ahmad ...', 9, Array)
#1 C:\Users\Ahmad Qomaini\Desktop\kas\vendor\codeigniter4\framework\system\View\View.php(246): include('C:\\Users\\Ahmad ...')
#2 C:\Users\Ahmad Qomaini\Desktop\kas\vendor\codeigniter4\framework\system\View\View.php(525): CodeIgniter\View\View->render('auth/header', NULL, true)
#3 C:\Users\Ahmad Qomaini\Desktop\kas\app\Views\auth\v_login.php(1): CodeIgniter\View\View->include('auth/header')
#4 C:\Users\Ahmad Qomaini\Desktop\kas\vendor\codeigniter4\framework\system\View\View.php(246): include('C:\\Users\\Ahmad ...')
#5 C:\Users\Ahmad Qomaini\Desktop\kas\vendor\codeigniter4\framework\system\Common.php(1119): CodeIgniter\View\View->render('auth/v_login', Array, true)
#6 C:\Users\Ahmad Qomaini\Desktop\kas\app\Controllers\Auth.php(38): view('auth/v_login', Array)
#7 C:\Users\Ahmad Qomaini\Desktop\kas\vendor\codeigniter4\framework\system\CodeIgniter.php(918): App\Controllers\Auth->login()
#8 C:\Users\Ahmad Qomaini\Desktop\kas\vendor\codeigniter4\framework\system\CodeIgniter.php(404): CodeIgniter\CodeIgniter->runController(Object(App\Controllers\Auth))
#9 C:\Users\Ahmad Qomaini\Desktop\kas\vendor\codeigniter4\framework\system\CodeIgniter.php(312): CodeIgniter\CodeIgniter->handleRequest(NULL, Object(Config\Cache), false)
#10 C:\Users\Ahmad Qomaini\Desktop\kas\index.php(44): CodeIgniter\CodeIgniter->run()
#11 C:\Users\Ahmad Qomaini\Desktop\kas\vendor\codeigniter4\framework\system\Commands\Server\rewrite.php(34): require_once('C:\\Users\\Ahmad ...')
#12 {main}
CRITICAL - 2020-09-28 21:40:23 --> Undefined variable: url
#0 C:\Users\Ahmad Qomaini\Desktop\kas\app\Views\auth\header.php(14): CodeIgniter\Debug\Exceptions->errorHandler(8, 'Undefined varia...', 'C:\\Users\\Ahmad ...', 14, Array)
#1 C:\Users\Ahmad Qomaini\Desktop\kas\vendor\codeigniter4\framework\system\View\View.php(246): include('C:\\Users\\Ahmad ...')
#2 C:\Users\Ahmad Qomaini\Desktop\kas\vendor\codeigniter4\framework\system\View\View.php(525): CodeIgniter\View\View->render('auth/header', NULL, true)
#3 C:\Users\Ahmad Qomaini\Desktop\kas\app\Views\auth\v_login.php(1): CodeIgniter\View\View->include('auth/header')
#4 C:\Users\Ahmad Qomaini\Desktop\kas\vendor\codeigniter4\framework\system\View\View.php(246): include('C:\\Users\\Ahmad ...')
#5 C:\Users\Ahmad Qomaini\Desktop\kas\vendor\codeigniter4\framework\system\Common.php(1119): CodeIgniter\View\View->render('auth/v_login', Array, true)
#6 C:\Users\Ahmad Qomaini\Desktop\kas\app\Controllers\Auth.php(38): view('auth/v_login', Array)
#7 C:\Users\Ahmad Qomaini\Desktop\kas\vendor\codeigniter4\framework\system\CodeIgniter.php(918): App\Controllers\Auth->login()
#8 C:\Users\Ahmad Qomaini\Desktop\kas\vendor\codeigniter4\framework\system\CodeIgniter.php(404): CodeIgniter\CodeIgniter->runController(Object(App\Controllers\Auth))
#9 C:\Users\Ahmad Qomaini\Desktop\kas\vendor\codeigniter4\framework\system\CodeIgniter.php(312): CodeIgniter\CodeIgniter->handleRequest(NULL, Object(Config\Cache), false)
#10 C:\Users\Ahmad Qomaini\Desktop\kas\index.php(44): CodeIgniter\CodeIgniter->run()
#11 C:\Users\Ahmad Qomaini\Desktop\kas\vendor\codeigniter4\framework\system\Commands\Server\rewrite.php(34): require_once('C:\\Users\\Ahmad ...')
#12 {main}
CRITICAL - 2020-09-28 21:42:27 --> syntax error, unexpected ','
#0 C:\Users\Ahmad Qomaini\Desktop\kas\vendor\codeigniter4\framework\system\View\View.php(525): CodeIgniter\View\View->render('auth/header', NULL, true)
#1 C:\Users\Ahmad Qomaini\Desktop\kas\app\Views\auth\v_lupa_password.php(1): CodeIgniter\View\View->include('auth/header')
#2 C:\Users\Ahmad Qomaini\Desktop\kas\vendor\codeigniter4\framework\system\View\View.php(246): include('C:\\Users\\Ahmad ...')
#3 C:\Users\Ahmad Qomaini\Desktop\kas\vendor\codeigniter4\framework\system\Common.php(1119): CodeIgniter\View\View->render('auth/v_lupa_pas...', Array, true)
#4 C:\Users\Ahmad Qomaini\Desktop\kas\app\Controllers\Auth.php(76): view('auth/v_lupa_pas...', Array)
#5 C:\Users\Ahmad Qomaini\Desktop\kas\vendor\codeigniter4\framework\system\CodeIgniter.php(918): App\Controllers\Auth->lupa_password()
#6 C:\Users\Ahmad Qomaini\Desktop\kas\vendor\codeigniter4\framework\system\CodeIgniter.php(404): CodeIgniter\CodeIgniter->runController(Object(App\Controllers\Auth))
#7 C:\Users\Ahmad Qomaini\Desktop\kas\vendor\codeigniter4\framework\system\CodeIgniter.php(312): CodeIgniter\CodeIgniter->handleRequest(NULL, Object(Config\Cache), false)
#8 C:\Users\Ahmad Qomaini\Desktop\kas\index.php(44): CodeIgniter\CodeIgniter->run()
#9 C:\Users\Ahmad Qomaini\Desktop\kas\vendor\codeigniter4\framework\system\Commands\Server\rewrite.php(34): require_once('C:\\Users\\Ahmad ...')
#10 {main}
CRITICAL - 2020-09-28 21:48:13 --> syntax error, unexpected '?>', expecting ')'
#0 C:\Users\Ahmad Qomaini\Desktop\kas\vendor\codeigniter4\framework\system\View\View.php(525): CodeIgniter\View\View->render('auth/header', NULL, true)
#1 C:\Users\Ahmad Qomaini\Desktop\kas\app\Views\auth\v_login.php(1): CodeIgniter\View\View->include('auth/header')
#2 C:\Users\Ahmad Qomaini\Desktop\kas\vendor\codeigniter4\framework\system\View\View.php(246): include('C:\\Users\\Ahmad ...')
#3 C:\Users\Ahmad Qomaini\Desktop\kas\vendor\codeigniter4\framework\system\Common.php(1119): CodeIgniter\View\View->render('auth/v_login', Array, true)
#4 C:\Users\Ahmad Qomaini\Desktop\kas\app\Controllers\Auth.php(38): view('auth/v_login', Array)
#5 C:\Users\Ahmad Qomaini\Desktop\kas\vendor\codeigniter4\framework\system\CodeIgniter.php(918): App\Controllers\Auth->login()
#6 C:\Users\Ahmad Qomaini\Desktop\kas\vendor\codeigniter4\framework\system\CodeIgniter.php(404): CodeIgniter\CodeIgniter->runController(Object(App\Controllers\Auth))
#7 C:\Users\Ahmad Qomaini\Desktop\kas\vendor\codeigniter4\framework\system\CodeIgniter.php(312): CodeIgniter\CodeIgniter->handleRequest(NULL, Object(Config\Cache), false)
#8 C:\Users\Ahmad Qomaini\Desktop\kas\index.php(44): CodeIgniter\CodeIgniter->run()
#9 C:\Users\Ahmad Qomaini\Desktop\kas\vendor\codeigniter4\framework\system\Commands\Server\rewrite.php(34): require_once('C:\\Users\\Ahmad ...')
#10 {main}
CRITICAL - 2020-09-28 22:30:18 --> The action you requested is not allowed.
#0 C:\Users\Ahmad Qomaini\Desktop\kas\vendor\codeigniter4\framework\system\Security\Security.php(233): CodeIgniter\Security\Exceptions\SecurityException::forDisallowedAction()
#1 C:\Users\Ahmad Qomaini\Desktop\kas\vendor\codeigniter4\framework\system\Filters\CSRF.php(88): CodeIgniter\Security\Security->CSRFVerify(Object(CodeIgniter\HTTP\IncomingRequest))
#2 C:\Users\Ahmad Qomaini\Desktop\kas\vendor\codeigniter4\framework\system\Filters\Filters.php(173): CodeIgniter\Filters\CSRF->before(Object(CodeIgniter\HTTP\IncomingRequest), NULL)
#3 C:\Users\Ahmad Qomaini\Desktop\kas\vendor\codeigniter4\framework\system\CodeIgniter.php(382): CodeIgniter\Filters\Filters->run('auth/lupa_passw...', 'before')
#4 C:\Users\Ahmad Qomaini\Desktop\kas\vendor\codeigniter4\framework\system\CodeIgniter.php(312): CodeIgniter\CodeIgniter->handleRequest(NULL, Object(Config\Cache), false)
#5 C:\Users\Ahmad Qomaini\Desktop\kas\index.php(44): CodeIgniter\CodeIgniter->run()
#6 C:\Users\Ahmad Qomaini\Desktop\kas\vendor\codeigniter4\framework\system\Commands\Server\rewrite.php(34): require_once('C:\\Users\\Ahmad ...')
#7 {main}
CRITICAL - 2020-09-28 22:30:29 --> The action you requested is not allowed.
#0 C:\Users\Ahmad Qomaini\Desktop\kas\vendor\codeigniter4\framework\system\Security\Security.php(233): CodeIgniter\Security\Exceptions\SecurityException::forDisallowedAction()
#1 C:\Users\Ahmad Qomaini\Desktop\kas\vendor\codeigniter4\framework\system\Filters\CSRF.php(88): CodeIgniter\Security\Security->CSRFVerify(Object(CodeIgniter\HTTP\IncomingRequest))
#2 C:\Users\Ahmad Qomaini\Desktop\kas\vendor\codeigniter4\framework\system\Filters\Filters.php(173): CodeIgniter\Filters\CSRF->before(Object(CodeIgniter\HTTP\IncomingRequest), NULL)
#3 C:\Users\Ahmad Qomaini\Desktop\kas\vendor\codeigniter4\framework\system\CodeIgniter.php(382): CodeIgniter\Filters\Filters->run('auth/lupa_passw...', 'before')
#4 C:\Users\Ahmad Qomaini\Desktop\kas\vendor\codeigniter4\framework\system\CodeIgniter.php(312): CodeIgniter\CodeIgniter->handleRequest(NULL, Object(Config\Cache), false)
#5 C:\Users\Ahmad Qomaini\Desktop\kas\index.php(44): CodeIgniter\CodeIgniter->run()
#6 C:\Users\Ahmad Qomaini\Desktop\kas\vendor\codeigniter4\framework\system\Commands\Server\rewrite.php(34): require_once('C:\\Users\\Ahmad ...')
#7 {main}
CRITICAL - 2020-09-28 22:31:41 --> The action you requested is not allowed.
#0 C:\Users\Ahmad Qomaini\Desktop\kas\vendor\codeigniter4\framework\system\Security\Security.php(233): CodeIgniter\Security\Exceptions\SecurityException::forDisallowedAction()
#1 C:\Users\Ahmad Qomaini\Desktop\kas\vendor\codeigniter4\framework\system\Filters\CSRF.php(88): CodeIgniter\Security\Security->CSRFVerify(Object(CodeIgniter\HTTP\IncomingRequest))
#2 C:\Users\Ahmad Qomaini\Desktop\kas\vendor\codeigniter4\framework\system\Filters\Filters.php(173): CodeIgniter\Filters\CSRF->before(Object(CodeIgniter\HTTP\IncomingRequest), NULL)
#3 C:\Users\Ahmad Qomaini\Desktop\kas\vendor\codeigniter4\framework\system\CodeIgniter.php(382): CodeIgniter\Filters\Filters->run('auth/lupa_passw...', 'before')
#4 C:\Users\Ahmad Qomaini\Desktop\kas\vendor\codeigniter4\framework\system\CodeIgniter.php(312): CodeIgniter\CodeIgniter->handleRequest(NULL, Object(Config\Cache), false)
#5 C:\Users\Ahmad Qomaini\Desktop\kas\index.php(44): CodeIgniter\CodeIgniter->run()
#6 C:\Users\Ahmad Qomaini\Desktop\kas\vendor\codeigniter4\framework\system\Commands\Server\rewrite.php(34): require_once('C:\\Users\\Ahmad ...')
#7 {main}
CRITICAL - 2020-09-28 22:32:07 --> The action you requested is not allowed.
#0 C:\Users\Ahmad Qomaini\Desktop\kas\vendor\codeigniter4\framework\system\Security\Security.php(233): CodeIgniter\Security\Exceptions\SecurityException::forDisallowedAction()
#1 C:\Users\Ahmad Qomaini\Desktop\kas\vendor\codeigniter4\framework\system\Filters\CSRF.php(88): CodeIgniter\Security\Security->CSRFVerify(Object(CodeIgniter\HTTP\IncomingRequest))
#2 C:\Users\Ahmad Qomaini\Desktop\kas\vendor\codeigniter4\framework\system\Filters\Filters.php(173): CodeIgniter\Filters\CSRF->before(Object(CodeIgniter\HTTP\IncomingRequest), NULL)
#3 C:\Users\Ahmad Qomaini\Desktop\kas\vendor\codeigniter4\framework\system\CodeIgniter.php(382): CodeIgniter\Filters\Filters->run('auth/lupa_passw...', 'before')
#4 C:\Users\Ahmad Qomaini\Desktop\kas\vendor\codeigniter4\framework\system\CodeIgniter.php(312): CodeIgniter\CodeIgniter->handleRequest(NULL, Object(Config\Cache), false)
#5 C:\Users\Ahmad Qomaini\Desktop\kas\index.php(44): CodeIgniter\CodeIgniter->run()
#6 C:\Users\Ahmad Qomaini\Desktop\kas\vendor\codeigniter4\framework\system\Commands\Server\rewrite.php(34): require_once('C:\\Users\\Ahmad ...')
#7 {main}
CRITICAL - 2020-09-28 22:34:51 --> The action you requested is not allowed.
#0 C:\Users\Ahmad Qomaini\Desktop\kas\vendor\codeigniter4\framework\system\Security\Security.php(233): CodeIgniter\Security\Exceptions\SecurityException::forDisallowedAction()
#1 C:\Users\Ahmad Qomaini\Desktop\kas\vendor\codeigniter4\framework\system\Filters\CSRF.php(88): CodeIgniter\Security\Security->CSRFVerify(Object(CodeIgniter\HTTP\IncomingRequest))
#2 C:\Users\Ahmad Qomaini\Desktop\kas\vendor\codeigniter4\framework\system\Filters\Filters.php(173): CodeIgniter\Filters\CSRF->before(Object(CodeIgniter\HTTP\IncomingRequest), NULL)
#3 C:\Users\Ahmad Qomaini\Desktop\kas\vendor\codeigniter4\framework\system\CodeIgniter.php(382): CodeIgniter\Filters\Filters->run('auth/lupa_passw...', 'before')
#4 C:\Users\Ahmad Qomaini\Desktop\kas\vendor\codeigniter4\framework\system\CodeIgniter.php(312): CodeIgniter\CodeIgniter->handleRequest(NULL, Object(Config\Cache), false)
#5 C:\Users\Ahmad Qomaini\Desktop\kas\index.php(44): CodeIgniter\CodeIgniter->run()
#6 C:\Users\Ahmad Qomaini\Desktop\kas\vendor\codeigniter4\framework\system\Commands\Server\rewrite.php(34): require_once('C:\\Users\\Ahmad ...')
#7 {main}
CRITICAL - 2020-09-28 22:35:23 --> The action you requested is not allowed.
#0 C:\Users\Ahmad Qomaini\Desktop\kas\vendor\codeigniter4\framework\system\Security\Security.php(233): CodeIgniter\Security\Exceptions\SecurityException::forDisallowedAction()
#1 C:\Users\Ahmad Qomaini\Desktop\kas\vendor\codeigniter4\framework\system\Filters\CSRF.php(88): CodeIgniter\Security\Security->CSRFVerify(Object(CodeIgniter\HTTP\IncomingRequest))
#2 C:\Users\Ahmad Qomaini\Desktop\kas\vendor\codeigniter4\framework\system\Filters\Filters.php(173): CodeIgniter\Filters\CSRF->before(Object(CodeIgniter\HTTP\IncomingRequest), NULL)
#3 C:\Users\Ahmad Qomaini\Desktop\kas\vendor\codeigniter4\framework\system\CodeIgniter.php(382): CodeIgniter\Filters\Filters->run('auth/lupa_passw...', 'before')
#4 C:\Users\Ahmad Qomaini\Desktop\kas\vendor\codeigniter4\framework\system\CodeIgniter.php(312): CodeIgniter\CodeIgniter->handleRequest(NULL, Object(Config\Cache), false)
#5 C:\Users\Ahmad Qomaini\Desktop\kas\index.php(44): CodeIgniter\CodeIgniter->run()
#6 C:\Users\Ahmad Qomaini\Desktop\kas\vendor\codeigniter4\framework\system\Commands\Server\rewrite.php(34): require_once('C:\\Users\\Ahmad ...')
#7 {main}
CRITICAL - 2020-09-28 22:35:36 --> The action you requested is not allowed.
#0 C:\Users\Ahmad Qomaini\Desktop\kas\vendor\codeigniter4\framework\system\Security\Security.php(233): CodeIgniter\Security\Exceptions\SecurityException::forDisallowedAction()
#1 C:\Users\Ahmad Qomaini\Desktop\kas\vendor\codeigniter4\framework\system\Filters\CSRF.php(88): CodeIgniter\Security\Security->CSRFVerify(Object(CodeIgniter\HTTP\IncomingRequest))
#2 C:\Users\Ahmad Qomaini\Desktop\kas\vendor\codeigniter4\framework\system\Filters\Filters.php(173): CodeIgniter\Filters\CSRF->before(Object(CodeIgniter\HTTP\IncomingRequest), NULL)
#3 C:\Users\Ahmad Qomaini\Desktop\kas\vendor\codeigniter4\framework\system\CodeIgniter.php(382): CodeIgniter\Filters\Filters->run('auth/lupa_passw...', 'before')
#4 C:\Users\Ahmad Qomaini\Desktop\kas\vendor\codeigniter4\framework\system\CodeIgniter.php(312): CodeIgniter\CodeIgniter->handleRequest(NULL, Object(Config\Cache), false)
#5 C:\Users\Ahmad Qomaini\Desktop\kas\index.php(44): CodeIgniter\CodeIgniter->run()
#6 C:\Users\Ahmad Qomaini\Desktop\kas\vendor\codeigniter4\framework\system\Commands\Server\rewrite.php(34): require_once('C:\\Users\\Ahmad ...')
#7 {main}
CRITICAL - 2020-09-28 22:36:00 --> The action you requested is not allowed.
#0 C:\Users\Ahmad Qomaini\Desktop\kas\vendor\codeigniter4\framework\system\Security\Security.php(233): CodeIgniter\Security\Exceptions\SecurityException::forDisallowedAction()
#1 C:\Users\Ahmad Qomaini\Desktop\kas\vendor\codeigniter4\framework\system\Filters\CSRF.php(88): CodeIgniter\Security\Security->CSRFVerify(Object(CodeIgniter\HTTP\IncomingRequest))
#2 C:\Users\Ahmad Qomaini\Desktop\kas\vendor\codeigniter4\framework\system\Filters\Filters.php(173): CodeIgniter\Filters\CSRF->before(Object(CodeIgniter\HTTP\IncomingRequest), NULL)
#3 C:\Users\Ahmad Qomaini\Desktop\kas\vendor\codeigniter4\framework\system\CodeIgniter.php(382): CodeIgniter\Filters\Filters->run('auth/lupa_passw...', 'before')
#4 C:\Users\Ahmad Qomaini\Desktop\kas\vendor\codeigniter4\framework\system\CodeIgniter.php(312): CodeIgniter\CodeIgniter->handleRequest(NULL, Object(Config\Cache), false)
#5 C:\Users\Ahmad Qomaini\Desktop\kas\index.php(44): CodeIgniter\CodeIgniter->run()
#6 C:\Users\Ahmad Qomaini\Desktop\kas\vendor\codeigniter4\framework\system\Commands\Server\rewrite.php(34): require_once('C:\\Users\\Ahmad ...')
#7 {main}
CRITICAL - 2020-09-28 22:36:17 --> The action you requested is not allowed.
#0 C:\Users\Ahmad Qomaini\Desktop\kas\vendor\codeigniter4\framework\system\Security\Security.php(233): CodeIgniter\Security\Exceptions\SecurityException::forDisallowedAction()
#1 C:\Users\Ahmad Qomaini\Desktop\kas\vendor\codeigniter4\framework\system\Filters\CSRF.php(88): CodeIgniter\Security\Security->CSRFVerify(Object(CodeIgniter\HTTP\IncomingRequest))
#2 C:\Users\Ahmad Qomaini\Desktop\kas\vendor\codeigniter4\framework\system\Filters\Filters.php(173): CodeIgniter\Filters\CSRF->before(Object(CodeIgniter\HTTP\IncomingRequest), NULL)
#3 C:\Users\Ahmad Qomaini\Desktop\kas\vendor\codeigniter4\framework\system\CodeIgniter.php(382): CodeIgniter\Filters\Filters->run('auth/lupa_passw...', 'before')
#4 C:\Users\Ahmad Qomaini\Desktop\kas\vendor\codeigniter4\framework\system\CodeIgniter.php(312): CodeIgniter\CodeIgniter->handleRequest(NULL, Object(Config\Cache), false)
#5 C:\Users\Ahmad Qomaini\Desktop\kas\index.php(44): CodeIgniter\CodeIgniter->run()
#6 C:\Users\Ahmad Qomaini\Desktop\kas\vendor\codeigniter4\framework\system\Commands\Server\rewrite.php(34): require_once('C:\\Users\\Ahmad ...')
#7 {main}
CRITICAL - 2020-09-28 22:37:14 --> The action you requested is not allowed.
#0 C:\Users\Ahmad Qomaini\Desktop\kas\vendor\codeigniter4\framework\system\Security\Security.php(233): CodeIgniter\Security\Exceptions\SecurityException::forDisallowedAction()
#1 C:\Users\Ahmad Qomaini\Desktop\kas\vendor\codeigniter4\framework\system\Filters\CSRF.php(88): CodeIgniter\Security\Security->CSRFVerify(Object(CodeIgniter\HTTP\IncomingRequest))
#2 C:\Users\Ahmad Qomaini\Desktop\kas\vendor\codeigniter4\framework\system\Filters\Filters.php(173): CodeIgniter\Filters\CSRF->before(Object(CodeIgniter\HTTP\IncomingRequest), NULL)
#3 C:\Users\Ahmad Qomaini\Desktop\kas\vendor\codeigniter4\framework\system\CodeIgniter.php(382): CodeIgniter\Filters\Filters->run('auth/lupa_passw...', 'before')
#4 C:\Users\Ahmad Qomaini\Desktop\kas\vendor\codeigniter4\framework\system\CodeIgniter.php(312): CodeIgniter\CodeIgniter->handleRequest(NULL, Object(Config\Cache), false)
#5 C:\Users\Ahmad Qomaini\Desktop\kas\index.php(44): CodeIgniter\CodeIgniter->run()
#6 C:\Users\Ahmad Qomaini\Desktop\kas\vendor\codeigniter4\framework\system\Commands\Server\rewrite.php(34): require_once('C:\\Users\\Ahmad ...')
#7 {main}
CRITICAL - 2020-09-28 22:43:38 --> The action you requested is not allowed.
#0 C:\Users\Ahmad Qomaini\Desktop\kas\vendor\codeigniter4\framework\system\Security\Security.php(233): CodeIgniter\Security\Exceptions\SecurityException::forDisallowedAction()
#1 C:\Users\Ahmad Qomaini\Desktop\kas\vendor\codeigniter4\framework\system\Filters\CSRF.php(88): CodeIgniter\Security\Security->CSRFVerify(Object(CodeIgniter\HTTP\IncomingRequest))
#2 C:\Users\Ahmad Qomaini\Desktop\kas\vendor\codeigniter4\framework\system\Filters\Filters.php(173): CodeIgniter\Filters\CSRF->before(Object(CodeIgniter\HTTP\IncomingRequest), NULL)
#3 C:\Users\Ahmad Qomaini\Desktop\kas\vendor\codeigniter4\framework\system\CodeIgniter.php(382): CodeIgniter\Filters\Filters->run('auth/lupa_passw...', 'before')
#4 C:\Users\Ahmad Qomaini\Desktop\kas\vendor\codeigniter4\framework\system\CodeIgniter.php(312): CodeIgniter\CodeIgniter->handleRequest(NULL, Object(Config\Cache), false)
#5 C:\Users\Ahmad Qomaini\Desktop\kas\index.php(44): CodeIgniter\CodeIgniter->run()
#6 C:\Users\Ahmad Qomaini\Desktop\kas\vendor\codeigniter4\framework\system\Commands\Server\rewrite.php(34): require_once('C:\\Users\\Ahmad ...')
#7 {main}
CRITICAL - 2020-09-28 22:43:56 --> The action you requested is not allowed.
#0 C:\Users\Ahmad Qomaini\Desktop\kas\vendor\codeigniter4\framework\system\Security\Security.php(233): CodeIgniter\Security\Exceptions\SecurityException::forDisallowedAction()
#1 C:\Users\Ahmad Qomaini\Desktop\kas\vendor\codeigniter4\framework\system\Filters\CSRF.php(88): CodeIgniter\Security\Security->CSRFVerify(Object(CodeIgniter\HTTP\IncomingRequest))
#2 C:\Users\Ahmad Qomaini\Desktop\kas\vendor\codeigniter4\framework\system\Filters\Filters.php(173): CodeIgniter\Filters\CSRF->before(Object(CodeIgniter\HTTP\IncomingRequest), NULL)
#3 C:\Users\Ahmad Qomaini\Desktop\kas\vendor\codeigniter4\framework\system\CodeIgniter.php(382): CodeIgniter\Filters\Filters->run('auth/lupa_passw...', 'before')
#4 C:\Users\Ahmad Qomaini\Desktop\kas\vendor\codeigniter4\framework\system\CodeIgniter.php(312): CodeIgniter\CodeIgniter->handleRequest(NULL, Object(Config\Cache), false)
#5 C:\Users\Ahmad Qomaini\Desktop\kas\index.php(44): CodeIgniter\CodeIgniter->run()
#6 C:\Users\Ahmad Qomaini\Desktop\kas\vendor\codeigniter4\framework\system\Commands\Server\rewrite.php(34): require_once('C:\\Users\\Ahmad ...')
#7 {main}
CRITICAL - 2020-09-28 22:44:40 --> The action you requested is not allowed.
#0 C:\Users\Ahmad Qomaini\Desktop\kas\vendor\codeigniter4\framework\system\Security\Security.php(233): CodeIgniter\Security\Exceptions\SecurityException::forDisallowedAction()
#1 C:\Users\Ahmad Qomaini\Desktop\kas\vendor\codeigniter4\framework\system\Filters\CSRF.php(88): CodeIgniter\Security\Security->CSRFVerify(Object(CodeIgniter\HTTP\IncomingRequest))
#2 C:\Users\Ahmad Qomaini\Desktop\kas\vendor\codeigniter4\framework\system\Filters\Filters.php(173): CodeIgniter\Filters\CSRF->before(Object(CodeIgniter\HTTP\IncomingRequest), NULL)
#3 C:\Users\Ahmad Qomaini\Desktop\kas\vendor\codeigniter4\framework\system\CodeIgniter.php(382): CodeIgniter\Filters\Filters->run('auth/lupa_passw...', 'before')
#4 C:\Users\Ahmad Qomaini\Desktop\kas\vendor\codeigniter4\framework\system\CodeIgniter.php(312): CodeIgniter\CodeIgniter->handleRequest(NULL, Object(Config\Cache), false)
#5 C:\Users\Ahmad Qomaini\Desktop\kas\index.php(44): CodeIgniter\CodeIgniter->run()
#6 C:\Users\Ahmad Qomaini\Desktop\kas\vendor\codeigniter4\framework\system\Commands\Server\rewrite.php(34): require_once('C:\\Users\\Ahmad ...')
#7 {main}
CRITICAL - 2020-09-28 22:45:01 --> The action you requested is not allowed.
#0 C:\Users\Ahmad Qomaini\Desktop\kas\vendor\codeigniter4\framework\system\Security\Security.php(233): CodeIgniter\Security\Exceptions\SecurityException::forDisallowedAction()
#1 C:\Users\Ahmad Qomaini\Desktop\kas\vendor\codeigniter4\framework\system\Filters\CSRF.php(88): CodeIgniter\Security\Security->CSRFVerify(Object(CodeIgniter\HTTP\IncomingRequest))
#2 C:\Users\Ahmad Qomaini\Desktop\kas\vendor\codeigniter4\framework\system\Filters\Filters.php(173): CodeIgniter\Filters\CSRF->before(Object(CodeIgniter\HTTP\IncomingRequest), NULL)
#3 C:\Users\Ahmad Qomaini\Desktop\kas\vendor\codeigniter4\framework\system\CodeIgniter.php(382): CodeIgniter\Filters\Filters->run('auth/lupa_passw...', 'before')
#4 C:\Users\Ahmad Qomaini\Desktop\kas\vendor\codeigniter4\framework\system\CodeIgniter.php(312): CodeIgniter\CodeIgniter->handleRequest(NULL, Object(Config\Cache), false)
#5 C:\Users\Ahmad Qomaini\Desktop\kas\index.php(44): CodeIgniter\CodeIgniter->run()
#6 C:\Users\Ahmad Qomaini\Desktop\kas\vendor\codeigniter4\framework\system\Commands\Server\rewrite.php(34): require_once('C:\\Users\\Ahmad ...')
#7 {main}
CRITICAL - 2020-09-28 22:45:10 --> The action you requested is not allowed.
#0 C:\Users\Ahmad Qomaini\Desktop\kas\vendor\codeigniter4\framework\system\Security\Security.php(233): CodeIgniter\Security\Exceptions\SecurityException::forDisallowedAction()
#1 C:\Users\Ahmad Qomaini\Desktop\kas\vendor\codeigniter4\framework\system\Filters\CSRF.php(88): CodeIgniter\Security\Security->CSRFVerify(Object(CodeIgniter\HTTP\IncomingRequest))
#2 C:\Users\Ahmad Qomaini\Desktop\kas\vendor\codeigniter4\framework\system\Filters\Filters.php(173): CodeIgniter\Filters\CSRF->before(Object(CodeIgniter\HTTP\IncomingRequest), NULL)
#3 C:\Users\Ahmad Qomaini\Desktop\kas\vendor\codeigniter4\framework\system\CodeIgniter.php(382): CodeIgniter\Filters\Filters->run('auth/lupa_passw...', 'before')
#4 C:\Users\Ahmad Qomaini\Desktop\kas\vendor\codeigniter4\framework\system\CodeIgniter.php(312): CodeIgniter\CodeIgniter->handleRequest(NULL, Object(Config\Cache), false)
#5 C:\Users\Ahmad Qomaini\Desktop\kas\index.php(44): CodeIgniter\CodeIgniter->run()
#6 C:\Users\Ahmad Qomaini\Desktop\kas\vendor\codeigniter4\framework\system\Commands\Server\rewrite.php(34): require_once('C:\\Users\\Ahmad ...')
#7 {main}
CRITICAL - 2020-09-28 22:45:49 --> The action you requested is not allowed.
#0 C:\Users\Ahmad Qomaini\Desktop\kas\vendor\codeigniter4\framework\system\Security\Security.php(233): CodeIgniter\Security\Exceptions\SecurityException::forDisallowedAction()
#1 C:\Users\Ahmad Qomaini\Desktop\kas\vendor\codeigniter4\framework\system\Filters\CSRF.php(88): CodeIgniter\Security\Security->CSRFVerify(Object(CodeIgniter\HTTP\IncomingRequest))
#2 C:\Users\Ahmad Qomaini\Desktop\kas\vendor\codeigniter4\framework\system\Filters\Filters.php(173): CodeIgniter\Filters\CSRF->before(Object(CodeIgniter\HTTP\IncomingRequest), NULL)
#3 C:\Users\Ahmad Qomaini\Desktop\kas\vendor\codeigniter4\framework\system\CodeIgniter.php(382): CodeIgniter\Filters\Filters->run('auth/lupa_passw...', 'before')
#4 C:\Users\Ahmad Qomaini\Desktop\kas\vendor\codeigniter4\framework\system\CodeIgniter.php(312): CodeIgniter\CodeIgniter->handleRequest(NULL, Object(Config\Cache), false)
#5 C:\Users\Ahmad Qomaini\Desktop\kas\index.php(44): CodeIgniter\CodeIgniter->run()
#6 C:\Users\Ahmad Qomaini\Desktop\kas\vendor\codeigniter4\framework\system\Commands\Server\rewrite.php(34): require_once('C:\\Users\\Ahmad ...')
#7 {main}
CRITICAL - 2020-09-28 22:46:08 --> The action you requested is not allowed.
#0 C:\Users\Ahmad Qomaini\Desktop\kas\vendor\codeigniter4\framework\system\Security\Security.php(233): CodeIgniter\Security\Exceptions\SecurityException::forDisallowedAction()
#1 C:\Users\Ahmad Qomaini\Desktop\kas\vendor\codeigniter4\framework\system\Filters\CSRF.php(88): CodeIgniter\Security\Security->CSRFVerify(Object(CodeIgniter\HTTP\IncomingRequest))
#2 C:\Users\Ahmad Qomaini\Desktop\kas\vendor\codeigniter4\framework\system\Filters\Filters.php(173): CodeIgniter\Filters\CSRF->before(Object(CodeIgniter\HTTP\IncomingRequest), NULL)
#3 C:\Users\Ahmad Qomaini\Desktop\kas\vendor\codeigniter4\framework\system\CodeIgniter.php(382): CodeIgniter\Filters\Filters->run('auth/lupa_passw...', 'before')
#4 C:\Users\Ahmad Qomaini\Desktop\kas\vendor\codeigniter4\framework\system\CodeIgniter.php(312): CodeIgniter\CodeIgniter->handleRequest(NULL, Object(Config\Cache), false)
#5 C:\Users\Ahmad Qomaini\Desktop\kas\index.php(44): CodeIgniter\CodeIgniter->run()
#6 C:\Users\Ahmad Qomaini\Desktop\kas\vendor\codeigniter4\framework\system\Commands\Server\rewrite.php(34): require_once('C:\\Users\\Ahmad ...')
#7 {main}
CRITICAL - 2020-09-28 22:47:11 --> The action you requested is not allowed.
#0 C:\Users\Ahmad Qomaini\Desktop\kas\vendor\codeigniter4\framework\system\Security\Security.php(233): CodeIgniter\Security\Exceptions\SecurityException::forDisallowedAction()
#1 C:\Users\Ahmad Qomaini\Desktop\kas\vendor\codeigniter4\framework\system\Filters\CSRF.php(88): CodeIgniter\Security\Security->CSRFVerify(Object(CodeIgniter\HTTP\IncomingRequest))
#2 C:\Users\Ahmad Qomaini\Desktop\kas\vendor\codeigniter4\framework\system\Filters\Filters.php(173): CodeIgniter\Filters\CSRF->before(Object(CodeIgniter\HTTP\IncomingRequest), NULL)
#3 C:\Users\Ahmad Qomaini\Desktop\kas\vendor\codeigniter4\framework\system\CodeIgniter.php(382): CodeIgniter\Filters\Filters->run('auth/lupa_passw...', 'before')
#4 C:\Users\Ahmad Qomaini\Desktop\kas\vendor\codeigniter4\framework\system\CodeIgniter.php(312): CodeIgniter\CodeIgniter->handleRequest(NULL, Object(Config\Cache), false)
#5 C:\Users\Ahmad Qomaini\Desktop\kas\index.php(44): CodeIgniter\CodeIgniter->run()
#6 C:\Users\Ahmad Qomaini\Desktop\kas\vendor\codeigniter4\framework\system\Commands\Server\rewrite.php(34): require_once('C:\\Users\\Ahmad ...')
#7 {main}
CRITICAL - 2020-09-28 22:47:25 --> The action you requested is not allowed.
#0 C:\Users\Ahmad Qomaini\Desktop\kas\vendor\codeigniter4\framework\system\Security\Security.php(233): CodeIgniter\Security\Exceptions\SecurityException::forDisallowedAction()
#1 C:\Users\Ahmad Qomaini\Desktop\kas\vendor\codeigniter4\framework\system\Filters\CSRF.php(88): CodeIgniter\Security\Security->CSRFVerify(Object(CodeIgniter\HTTP\IncomingRequest))
#2 C:\Users\Ahmad Qomaini\Desktop\kas\vendor\codeigniter4\framework\system\Filters\Filters.php(173): CodeIgniter\Filters\CSRF->before(Object(CodeIgniter\HTTP\IncomingRequest), NULL)
#3 C:\Users\Ahmad Qomaini\Desktop\kas\vendor\codeigniter4\framework\system\CodeIgniter.php(382): CodeIgniter\Filters\Filters->run('auth/lupa_passw...', 'before')
#4 C:\Users\Ahmad Qomaini\Desktop\kas\vendor\codeigniter4\framework\system\CodeIgniter.php(312): CodeIgniter\CodeIgniter->handleRequest(NULL, Object(Config\Cache), false)
#5 C:\Users\Ahmad Qomaini\Desktop\kas\index.php(44): CodeIgniter\CodeIgniter->run()
#6 C:\Users\Ahmad Qomaini\Desktop\kas\vendor\codeigniter4\framework\system\Commands\Server\rewrite.php(34): require_once('C:\\Users\\Ahmad ...')
#7 {main}
CRITICAL - 2020-09-28 22:47:41 --> The action you requested is not allowed.
#0 C:\Users\Ahmad Qomaini\Desktop\kas\vendor\codeigniter4\framework\system\Security\Security.php(233): CodeIgniter\Security\Exceptions\SecurityException::forDisallowedAction()
#1 C:\Users\Ahmad Qomaini\Desktop\kas\vendor\codeigniter4\framework\system\Filters\CSRF.php(88): CodeIgniter\Security\Security->CSRFVerify(Object(CodeIgniter\HTTP\IncomingRequest))
#2 C:\Users\Ahmad Qomaini\Desktop\kas\vendor\codeigniter4\framework\system\Filters\Filters.php(173): CodeIgniter\Filters\CSRF->before(Object(CodeIgniter\HTTP\IncomingRequest), NULL)
#3 C:\Users\Ahmad Qomaini\Desktop\kas\vendor\codeigniter4\framework\system\CodeIgniter.php(382): CodeIgniter\Filters\Filters->run('auth/lupa_passw...', 'before')
#4 C:\Users\Ahmad Qomaini\Desktop\kas\vendor\codeigniter4\framework\system\CodeIgniter.php(312): CodeIgniter\CodeIgniter->handleRequest(NULL, Object(Config\Cache), false)
#5 C:\Users\Ahmad Qomaini\Desktop\kas\index.php(44): CodeIgniter\CodeIgniter->run()
#6 C:\Users\Ahmad Qomaini\Desktop\kas\vendor\codeigniter4\framework\system\Commands\Server\rewrite.php(34): require_once('C:\\Users\\Ahmad ...')
#7 {main}
CRITICAL - 2020-09-28 22:47:44 --> The action you requested is not allowed.
#0 C:\Users\Ahmad Qomaini\Desktop\kas\vendor\codeigniter4\framework\system\Security\Security.php(233): CodeIgniter\Security\Exceptions\SecurityException::forDisallowedAction()
#1 C:\Users\Ahmad Qomaini\Desktop\kas\vendor\codeigniter4\framework\system\Filters\CSRF.php(88): CodeIgniter\Security\Security->CSRFVerify(Object(CodeIgniter\HTTP\IncomingRequest))
#2 C:\Users\Ahmad Qomaini\Desktop\kas\vendor\codeigniter4\framework\system\Filters\Filters.php(173): CodeIgniter\Filters\CSRF->before(Object(CodeIgniter\HTTP\IncomingRequest), NULL)
#3 C:\Users\Ahmad Qomaini\Desktop\kas\vendor\codeigniter4\framework\system\CodeIgniter.php(382): CodeIgniter\Filters\Filters->run('auth/lupa_passw...', 'before')
#4 C:\Users\Ahmad Qomaini\Desktop\kas\vendor\codeigniter4\framework\system\CodeIgniter.php(312): CodeIgniter\CodeIgniter->handleRequest(NULL, Object(Config\Cache), false)
#5 C:\Users\Ahmad Qomaini\Desktop\kas\index.php(44): CodeIgniter\CodeIgniter->run()
#6 C:\Users\Ahmad Qomaini\Desktop\kas\vendor\codeigniter4\framework\system\Commands\Server\rewrite.php(34): require_once('C:\\Users\\Ahmad ...')
#7 {main}
CRITICAL - 2020-09-28 22:47:45 --> The action you requested is not allowed.
#0 C:\Users\Ahmad Qomaini\Desktop\kas\vendor\codeigniter4\framework\system\Security\Security.php(233): CodeIgniter\Security\Exceptions\SecurityException::forDisallowedAction()
#1 C:\Users\Ahmad Qomaini\Desktop\kas\vendor\codeigniter4\framework\system\Filters\CSRF.php(88): CodeIgniter\Security\Security->CSRFVerify(Object(CodeIgniter\HTTP\IncomingRequest))
#2 C:\Users\Ahmad Qomaini\Desktop\kas\vendor\codeigniter4\framework\system\Filters\Filters.php(173): CodeIgniter\Filters\CSRF->before(Object(CodeIgniter\HTTP\IncomingRequest), NULL)
#3 C:\Users\Ahmad Qomaini\Desktop\kas\vendor\codeigniter4\framework\system\CodeIgniter.php(382): CodeIgniter\Filters\Filters->run('auth/lupa_passw...', 'before')
#4 C:\Users\Ahmad Qomaini\Desktop\kas\vendor\codeigniter4\framework\system\CodeIgniter.php(312): CodeIgniter\CodeIgniter->handleRequest(NULL, Object(Config\Cache), false)
#5 C:\Users\Ahmad Qomaini\Desktop\kas\index.php(44): CodeIgniter\CodeIgniter->run()
#6 C:\Users\Ahmad Qomaini\Desktop\kas\vendor\codeigniter4\framework\system\Commands\Server\rewrite.php(34): require_once('C:\\Users\\Ahmad ...')
#7 {main}
CRITICAL - 2020-09-28 22:47:47 --> The action you requested is not allowed.
#0 C:\Users\Ahmad Qomaini\Desktop\kas\vendor\codeigniter4\framework\system\Security\Security.php(233): CodeIgniter\Security\Exceptions\SecurityException::forDisallowedAction()
#1 C:\Users\Ahmad Qomaini\Desktop\kas\vendor\codeigniter4\framework\system\Filters\CSRF.php(88): CodeIgniter\Security\Security->CSRFVerify(Object(CodeIgniter\HTTP\IncomingRequest))
#2 C:\Users\Ahmad Qomaini\Desktop\kas\vendor\codeigniter4\framework\system\Filters\Filters.php(173): CodeIgniter\Filters\CSRF->before(Object(CodeIgniter\HTTP\IncomingRequest), NULL)
#3 C:\Users\Ahmad Qomaini\Desktop\kas\vendor\codeigniter4\framework\system\CodeIgniter.php(382): CodeIgniter\Filters\Filters->run('auth/lupa_passw...', 'before')
#4 C:\Users\Ahmad Qomaini\Desktop\kas\vendor\codeigniter4\framework\system\CodeIgniter.php(312): CodeIgniter\CodeIgniter->handleRequest(NULL, Object(Config\Cache), false)
#5 C:\Users\Ahmad Qomaini\Desktop\kas\index.php(44): CodeIgniter\CodeIgniter->run()
#6 C:\Users\Ahmad Qomaini\Desktop\kas\vendor\codeigniter4\framework\system\Commands\Server\rewrite.php(34): require_once('C:\\Users\\Ahmad ...')
#7 {main}
CRITICAL - 2020-09-28 22:48:49 --> The action you requested is not allowed.
#0 C:\Users\Ahmad Qomaini\Desktop\kas\vendor\codeigniter4\framework\system\Security\Security.php(233): CodeIgniter\Security\Exceptions\SecurityException::forDisallowedAction()
#1 C:\Users\Ahmad Qomaini\Desktop\kas\vendor\codeigniter4\framework\system\Filters\CSRF.php(88): CodeIgniter\Security\Security->CSRFVerify(Object(CodeIgniter\HTTP\IncomingRequest))
#2 C:\Users\Ahmad Qomaini\Desktop\kas\vendor\codeigniter4\framework\system\Filters\Filters.php(173): CodeIgniter\Filters\CSRF->before(Object(CodeIgniter\HTTP\IncomingRequest), NULL)
#3 C:\Users\Ahmad Qomaini\Desktop\kas\vendor\codeigniter4\framework\system\CodeIgniter.php(382): CodeIgniter\Filters\Filters->run('auth/lupa_passw...', 'before')
#4 C:\Users\Ahmad Qomaini\Desktop\kas\vendor\codeigniter4\framework\system\CodeIgniter.php(312): CodeIgniter\CodeIgniter->handleRequest(NULL, Object(Config\Cache), false)
#5 C:\Users\Ahmad Qomaini\Desktop\kas\index.php(44): CodeIgniter\CodeIgniter->run()
#6 C:\Users\Ahmad Qomaini\Desktop\kas\vendor\codeigniter4\framework\system\Commands\Server\rewrite.php(34): require_once('C:\\Users\\Ahmad ...')
#7 {main}
CRITICAL - 2020-09-28 22:51:25 --> The action you requested is not allowed.
#0 C:\Users\Ahmad Qomaini\Desktop\kas\vendor\codeigniter4\framework\system\Security\Security.php(233): CodeIgniter\Security\Exceptions\SecurityException::forDisallowedAction()
#1 C:\Users\Ahmad Qomaini\Desktop\kas\vendor\codeigniter4\framework\system\Filters\CSRF.php(88): CodeIgniter\Security\Security->CSRFVerify(Object(CodeIgniter\HTTP\IncomingRequest))
#2 C:\Users\Ahmad Qomaini\Desktop\kas\vendor\codeigniter4\framework\system\Filters\Filters.php(173): CodeIgniter\Filters\CSRF->before(Object(CodeIgniter\HTTP\IncomingRequest), NULL)
#3 C:\Users\Ahmad Qomaini\Desktop\kas\vendor\codeigniter4\framework\system\CodeIgniter.php(382): CodeIgniter\Filters\Filters->run('auth/lupa_passw...', 'before')
#4 C:\Users\Ahmad Qomaini\Desktop\kas\vendor\codeigniter4\framework\system\CodeIgniter.php(312): CodeIgniter\CodeIgniter->handleRequest(NULL, Object(Config\Cache), false)
#5 C:\Users\Ahmad Qomaini\Desktop\kas\index.php(44): CodeIgniter\CodeIgniter->run()
#6 C:\Users\Ahmad Qomaini\Desktop\kas\vendor\codeigniter4\framework\system\Commands\Server\rewrite.php(34): require_once('C:\\Users\\Ahmad ...')
#7 {main}
CRITICAL - 2020-09-28 22:51:26 --> The action you requested is not allowed.
#0 C:\Users\Ahmad Qomaini\Desktop\kas\vendor\codeigniter4\framework\system\Security\Security.php(233): CodeIgniter\Security\Exceptions\SecurityException::forDisallowedAction()
#1 C:\Users\Ahmad Qomaini\Desktop\kas\vendor\codeigniter4\framework\system\Filters\CSRF.php(88): CodeIgniter\Security\Security->CSRFVerify(Object(CodeIgniter\HTTP\IncomingRequest))
#2 C:\Users\Ahmad Qomaini\Desktop\kas\vendor\codeigniter4\framework\system\Filters\Filters.php(173): CodeIgniter\Filters\CSRF->before(Object(CodeIgniter\HTTP\IncomingRequest), NULL)
#3 C:\Users\Ahmad Qomaini\Desktop\kas\vendor\codeigniter4\framework\system\CodeIgniter.php(382): CodeIgniter\Filters\Filters->run('auth/lupa_passw...', 'before')
#4 C:\Users\Ahmad Qomaini\Desktop\kas\vendor\codeigniter4\framework\system\CodeIgniter.php(312): CodeIgniter\CodeIgniter->handleRequest(NULL, Object(Config\Cache), false)
#5 C:\Users\Ahmad Qomaini\Desktop\kas\index.php(44): CodeIgniter\CodeIgniter->run()
#6 C:\Users\Ahmad Qomaini\Desktop\kas\vendor\codeigniter4\framework\system\Commands\Server\rewrite.php(34): require_once('C:\\Users\\Ahmad ...')
#7 {main}
CRITICAL - 2020-09-28 22:51:28 --> The action you requested is not allowed.
#0 C:\Users\Ahmad Qomaini\Desktop\kas\vendor\codeigniter4\framework\system\Security\Security.php(233): CodeIgniter\Security\Exceptions\SecurityException::forDisallowedAction()
#1 C:\Users\Ahmad Qomaini\Desktop\kas\vendor\codeigniter4\framework\system\Filters\CSRF.php(88): CodeIgniter\Security\Security->CSRFVerify(Object(CodeIgniter\HTTP\IncomingRequest))
#2 C:\Users\Ahmad Qomaini\Desktop\kas\vendor\codeigniter4\framework\system\Filters\Filters.php(173): CodeIgniter\Filters\CSRF->before(Object(CodeIgniter\HTTP\IncomingRequest), NULL)
#3 C:\Users\Ahmad Qomaini\Desktop\kas\vendor\codeigniter4\framework\system\CodeIgniter.php(382): CodeIgniter\Filters\Filters->run('auth/lupa_passw...', 'before')
#4 C:\Users\Ahmad Qomaini\Desktop\kas\vendor\codeigniter4\framework\system\CodeIgniter.php(312): CodeIgniter\CodeIgniter->handleRequest(NULL, Object(Config\Cache), false)
#5 C:\Users\Ahmad Qomaini\Desktop\kas\index.php(44): CodeIgniter\CodeIgniter->run()
#6 C:\Users\Ahmad Qomaini\Desktop\kas\vendor\codeigniter4\framework\system\Commands\Server\rewrite.php(34): require_once('C:\\Users\\Ahmad ...')
#7 {main}
CRITICAL - 2020-09-28 22:51:29 --> The action you requested is not allowed.
#0 C:\Users\Ahmad Qomaini\Desktop\kas\vendor\codeigniter4\framework\system\Security\Security.php(233): CodeIgniter\Security\Exceptions\SecurityException::forDisallowedAction()
#1 C:\Users\Ahmad Qomaini\Desktop\kas\vendor\codeigniter4\framework\system\Filters\CSRF.php(88): CodeIgniter\Security\Security->CSRFVerify(Object(CodeIgniter\HTTP\IncomingRequest))
#2 C:\Users\Ahmad Qomaini\Desktop\kas\vendor\codeigniter4\framework\system\Filters\Filters.php(173): CodeIgniter\Filters\CSRF->before(Object(CodeIgniter\HTTP\IncomingRequest), NULL)
#3 C:\Users\Ahmad Qomaini\Desktop\kas\vendor\codeigniter4\framework\system\CodeIgniter.php(382): CodeIgniter\Filters\Filters->run('auth/lupa_passw...', 'before')
#4 C:\Users\Ahmad Qomaini\Desktop\kas\vendor\codeigniter4\framework\system\CodeIgniter.php(312): CodeIgniter\CodeIgniter->handleRequest(NULL, Object(Config\Cache), false)
#5 C:\Users\Ahmad Qomaini\Desktop\kas\index.php(44): CodeIgniter\CodeIgniter->run()
#6 C:\Users\Ahmad Qomaini\Desktop\kas\vendor\codeigniter4\framework\system\Commands\Server\rewrite.php(34): require_once('C:\\Users\\Ahmad ...')
#7 {main}
CRITICAL - 2020-09-28 22:51:31 --> The action you requested is not allowed.
#0 C:\Users\Ahmad Qomaini\Desktop\kas\vendor\codeigniter4\framework\system\Security\Security.php(233): CodeIgniter\Security\Exceptions\SecurityException::forDisallowedAction()
#1 C:\Users\Ahmad Qomaini\Desktop\kas\vendor\codeigniter4\framework\system\Filters\CSRF.php(88): CodeIgniter\Security\Security->CSRFVerify(Object(CodeIgniter\HTTP\IncomingRequest))
#2 C:\Users\Ahmad Qomaini\Desktop\kas\vendor\codeigniter4\framework\system\Filters\Filters.php(173): CodeIgniter\Filters\CSRF->before(Object(CodeIgniter\HTTP\IncomingRequest), NULL)
#3 C:\Users\Ahmad Qomaini\Desktop\kas\vendor\codeigniter4\framework\system\CodeIgniter.php(382): CodeIgniter\Filters\Filters->run('auth/lupa_passw...', 'before')
#4 C:\Users\Ahmad Qomaini\Desktop\kas\vendor\codeigniter4\framework\system\CodeIgniter.php(312): CodeIgniter\CodeIgniter->handleRequest(NULL, Object(Config\Cache), false)
#5 C:\Users\Ahmad Qomaini\Desktop\kas\index.php(44): CodeIgniter\CodeIgniter->run()
#6 C:\Users\Ahmad Qomaini\Desktop\kas\vendor\codeigniter4\framework\system\Commands\Server\rewrite.php(34): require_once('C:\\Users\\Ahmad ...')
#7 {main}
CRITICAL - 2020-09-28 22:51:32 --> The action you requested is not allowed.
#0 C:\Users\Ahmad Qomaini\Desktop\kas\vendor\codeigniter4\framework\system\Security\Security.php(233): CodeIgniter\Security\Exceptions\SecurityException::forDisallowedAction()
#1 C:\Users\Ahmad Qomaini\Desktop\kas\vendor\codeigniter4\framework\system\Filters\CSRF.php(88): CodeIgniter\Security\Security->CSRFVerify(Object(CodeIgniter\HTTP\IncomingRequest))
#2 C:\Users\Ahmad Qomaini\Desktop\kas\vendor\codeigniter4\framework\system\Filters\Filters.php(173): CodeIgniter\Filters\CSRF->before(Object(CodeIgniter\HTTP\IncomingRequest), NULL)
#3 C:\Users\Ahmad Qomaini\Desktop\kas\vendor\codeigniter4\framework\system\CodeIgniter.php(382): CodeIgniter\Filters\Filters->run('auth/lupa_passw...', 'before')
#4 C:\Users\Ahmad Qomaini\Desktop\kas\vendor\codeigniter4\framework\system\CodeIgniter.php(312): CodeIgniter\CodeIgniter->handleRequest(NULL, Object(Config\Cache), false)
#5 C:\Users\Ahmad Qomaini\Desktop\kas\index.php(44): CodeIgniter\CodeIgniter->run()
#6 C:\Users\Ahmad Qomaini\Desktop\kas\vendor\codeigniter4\framework\system\Commands\Server\rewrite.php(34): require_once('C:\\Users\\Ahmad ...')
#7 {main}
CRITICAL - 2020-09-28 22:51:33 --> The action you requested is not allowed.
#0 C:\Users\Ahmad Qomaini\Desktop\kas\vendor\codeigniter4\framework\system\Security\Security.php(233): CodeIgniter\Security\Exceptions\SecurityException::forDisallowedAction()
#1 C:\Users\Ahmad Qomaini\Desktop\kas\vendor\codeigniter4\framework\system\Filters\CSRF.php(88): CodeIgniter\Security\Security->CSRFVerify(Object(CodeIgniter\HTTP\IncomingRequest))
#2 C:\Users\Ahmad Qomaini\Desktop\kas\vendor\codeigniter4\framework\system\Filters\Filters.php(173): CodeIgniter\Filters\CSRF->before(Object(CodeIgniter\HTTP\IncomingRequest), NULL)
#3 C:\Users\Ahmad Qomaini\Desktop\kas\vendor\codeigniter4\framework\system\CodeIgniter.php(382): CodeIgniter\Filters\Filters->run('auth/lupa_passw...', 'before')
#4 C:\Users\Ahmad Qomaini\Desktop\kas\vendor\codeigniter4\framework\system\CodeIgniter.php(312): CodeIgniter\CodeIgniter->handleRequest(NULL, Object(Config\Cache), false)
#5 C:\Users\Ahmad Qomaini\Desktop\kas\index.php(44): CodeIgniter\CodeIgniter->run()
#6 C:\Users\Ahmad Qomaini\Desktop\kas\vendor\codeigniter4\framework\system\Commands\Server\rewrite.php(34): require_once('C:\\Users\\Ahmad ...')
#7 {main}
CRITICAL - 2020-09-28 22:51:36 --> The action you requested is not allowed.
#0 C:\Users\Ahmad Qomaini\Desktop\kas\vendor\codeigniter4\framework\system\Security\Security.php(233): CodeIgniter\Security\Exceptions\SecurityException::forDisallowedAction()
#1 C:\Users\Ahmad Qomaini\Desktop\kas\vendor\codeigniter4\framework\system\Filters\CSRF.php(88): CodeIgniter\Security\Security->CSRFVerify(Object(CodeIgniter\HTTP\IncomingRequest))
#2 C:\Users\Ahmad Qomaini\Desktop\kas\vendor\codeigniter4\framework\system\Filters\Filters.php(173): CodeIgniter\Filters\CSRF->before(Object(CodeIgniter\HTTP\IncomingRequest), NULL)
#3 C:\Users\Ahmad Qomaini\Desktop\kas\vendor\codeigniter4\framework\system\CodeIgniter.php(382): CodeIgniter\Filters\Filters->run('auth/lupa_passw...', 'before')
#4 C:\Users\Ahmad Qomaini\Desktop\kas\vendor\codeigniter4\framework\system\CodeIgniter.php(312): CodeIgniter\CodeIgniter->handleRequest(NULL, Object(Config\Cache), false)
#5 C:\Users\Ahmad Qomaini\Desktop\kas\index.php(44): CodeIgniter\CodeIgniter->run()
#6 C:\Users\Ahmad Qomaini\Desktop\kas\vendor\codeigniter4\framework\system\Commands\Server\rewrite.php(34): require_once('C:\\Users\\Ahmad ...')
#7 {main}
CRITICAL - 2020-09-28 22:51:38 --> The action you requested is not allowed.
#0 C:\Users\Ahmad Qomaini\Desktop\kas\vendor\codeigniter4\framework\system\Security\Security.php(233): CodeIgniter\Security\Exceptions\SecurityException::forDisallowedAction()
#1 C:\Users\Ahmad Qomaini\Desktop\kas\vendor\codeigniter4\framework\system\Filters\CSRF.php(88): CodeIgniter\Security\Security->CSRFVerify(Object(CodeIgniter\HTTP\IncomingRequest))
#2 C:\Users\Ahmad Qomaini\Desktop\kas\vendor\codeigniter4\framework\system\Filters\Filters.php(173): CodeIgniter\Filters\CSRF->before(Object(CodeIgniter\HTTP\IncomingRequest), NULL)
#3 C:\Users\Ahmad Qomaini\Desktop\kas\vendor\codeigniter4\framework\system\CodeIgniter.php(382): CodeIgniter\Filters\Filters->run('auth/lupa_passw...', 'before')
#4 C:\Users\Ahmad Qomaini\Desktop\kas\vendor\codeigniter4\framework\system\CodeIgniter.php(312): CodeIgniter\CodeIgniter->handleRequest(NULL, Object(Config\Cache), false)
#5 C:\Users\Ahmad Qomaini\Desktop\kas\index.php(44): CodeIgniter\CodeIgniter->run()
#6 C:\Users\Ahmad Qomaini\Desktop\kas\vendor\codeigniter4\framework\system\Commands\Server\rewrite.php(34): require_once('C:\\Users\\Ahmad ...')
#7 {main}
CRITICAL - 2020-09-28 22:51:40 --> The action you requested is not allowed.
#0 C:\Users\Ahmad Qomaini\Desktop\kas\vendor\codeigniter4\framework\system\Security\Security.php(233): CodeIgniter\Security\Exceptions\SecurityException::forDisallowedAction()
#1 C:\Users\Ahmad Qomaini\Desktop\kas\vendor\codeigniter4\framework\system\Filters\CSRF.php(88): CodeIgniter\Security\Security->CSRFVerify(Object(CodeIgniter\HTTP\IncomingRequest))
#2 C:\Users\Ahmad Qomaini\Desktop\kas\vendor\codeigniter4\framework\system\Filters\Filters.php(173): CodeIgniter\Filters\CSRF->before(Object(CodeIgniter\HTTP\IncomingRequest), NULL)
#3 C:\Users\Ahmad Qomaini\Desktop\kas\vendor\codeigniter4\framework\system\CodeIgniter.php(382): CodeIgniter\Filters\Filters->run('auth/lupa_passw...', 'before')
#4 C:\Users\Ahmad Qomaini\Desktop\kas\vendor\codeigniter4\framework\system\CodeIgniter.php(312): CodeIgniter\CodeIgniter->handleRequest(NULL, Object(Config\Cache), false)
#5 C:\Users\Ahmad Qomaini\Desktop\kas\index.php(44): CodeIgniter\CodeIgniter->run()
#6 C:\Users\Ahmad Qomaini\Desktop\kas\vendor\codeigniter4\framework\system\Commands\Server\rewrite.php(34): require_once('C:\\Users\\Ahmad ...')
#7 {main}
CRITICAL - 2020-09-28 22:51:42 --> The action you requested is not allowed.
#0 C:\Users\Ahmad Qomaini\Desktop\kas\vendor\codeigniter4\framework\system\Security\Security.php(233): CodeIgniter\Security\Exceptions\SecurityException::forDisallowedAction()
#1 C:\Users\Ahmad Qomaini\Desktop\kas\vendor\codeigniter4\framework\system\Filters\CSRF.php(88): CodeIgniter\Security\Security->CSRFVerify(Object(CodeIgniter\HTTP\IncomingRequest))
#2 C:\Users\Ahmad Qomaini\Desktop\kas\vendor\codeigniter4\framework\system\Filters\Filters.php(173): CodeIgniter\Filters\CSRF->before(Object(CodeIgniter\HTTP\IncomingRequest), NULL)
#3 C:\Users\Ahmad Qomaini\Desktop\kas\vendor\codeigniter4\framework\system\CodeIgniter.php(382): CodeIgniter\Filters\Filters->run('auth/lupa_passw...', 'before')
#4 C:\Users\Ahmad Qomaini\Desktop\kas\vendor\codeigniter4\framework\system\CodeIgniter.php(312): CodeIgniter\CodeIgniter->handleRequest(NULL, Object(Config\Cache), false)
#5 C:\Users\Ahmad Qomaini\Desktop\kas\index.php(44): CodeIgniter\CodeIgniter->run()
#6 C:\Users\Ahmad Qomaini\Desktop\kas\vendor\codeigniter4\framework\system\Commands\Server\rewrite.php(34): require_once('C:\\Users\\Ahmad ...')
#7 {main}
CRITICAL - 2020-09-28 23:10:43 --> The action you requested is not allowed.
#0 C:\Users\Ahmad Qomaini\Desktop\kas\vendor\codeigniter4\framework\system\Security\Security.php(233): CodeIgniter\Security\Exceptions\SecurityException::forDisallowedAction()
#1 C:\Users\Ahmad Qomaini\Desktop\kas\vendor\codeigniter4\framework\system\Filters\CSRF.php(88): CodeIgniter\Security\Security->CSRFVerify(Object(CodeIgniter\HTTP\IncomingRequest))
#2 C:\Users\Ahmad Qomaini\Desktop\kas\vendor\codeigniter4\framework\system\Filters\Filters.php(173): CodeIgniter\Filters\CSRF->before(Object(CodeIgniter\HTTP\IncomingRequest), NULL)
#3 C:\Users\Ahmad Qomaini\Desktop\kas\vendor\codeigniter4\framework\system\CodeIgniter.php(382): CodeIgniter\Filters\Filters->run('auth/lupa_passw...', 'before')
#4 C:\Users\Ahmad Qomaini\Desktop\kas\vendor\codeigniter4\framework\system\CodeIgniter.php(312): CodeIgniter\CodeIgniter->handleRequest(NULL, Object(Config\Cache), false)
#5 C:\Users\Ahmad Qomaini\Desktop\kas\index.php(44): CodeIgniter\CodeIgniter->run()
#6 C:\Users\Ahmad Qomaini\Desktop\kas\vendor\codeigniter4\framework\system\Commands\Server\rewrite.php(34): require_once('C:\\Users\\Ahmad ...')
#7 {main}
